[2019-10-11 18:35:51,212] {{logging_mixin.py:95}} INFO - [2019-10-11 18:35:51,212] {{settings.py:174}} INFO - setting.configure_orm(): Using pool settings. pool_size=5, pool_recycle=1800
[2019-10-11 18:35:51,215] {{jobs.py:386}} INFO - Started process (PID=62) to work on /usr/local/airflow/dags/Hello_world3.py
[2019-10-11 18:35:51,217] {{jobs.py:1796}} INFO - Processing file /usr/local/airflow/dags/Hello_world3.py for tasks to queue
[2019-10-11 18:35:51,217] {{logging_mixin.py:95}} INFO - [2019-10-11 18:35:51,217] {{models.py:271}} INFO - Filling up the DagBag from /usr/local/airflow/dags/Hello_world3.py
[2019-10-11 18:35:51,242] {{jobs.py:1808}} INFO - DAG(s) dict_keys(['hello_world3']) retrieved from /usr/local/airflow/dags/Hello_world3.py
[2019-10-11 18:35:51,309] {{logging_mixin.py:95}} INFO - [2019-10-11 18:35:51,309] {{models.py:456}} INFO - Finding 'running' jobs without a recent heartbeat
[2019-10-11 18:35:51,311] {{logging_mixin.py:95}} INFO - [2019-10-11 18:35:51,309] {{models.py:460}} INFO - Failing jobs without heartbeat after 2019-10-11 18:30:51.309576+00:00
[2019-10-11 18:35:51,331] {{jobs.py:393}} INFO - Processing /usr/local/airflow/dags/Hello_world3.py took 0.116 seconds
[2019-10-11 18:36:02,427] {{logging_mixin.py:95}} INFO - [2019-10-11 18:36:02,424] {{settings.py:174}} INFO - setting.configure_orm(): Using pool settings. pool_size=5, pool_recycle=1800
[2019-10-11 18:36:02,433] {{jobs.py:386}} INFO - Started process (PID=90) to work on /usr/local/airflow/dags/Hello_world3.py
[2019-10-11 18:36:02,437] {{jobs.py:1796}} INFO - Processing file /usr/local/airflow/dags/Hello_world3.py for tasks to queue
[2019-10-11 18:36:02,439] {{logging_mixin.py:95}} INFO - [2019-10-11 18:36:02,439] {{models.py:271}} INFO - Filling up the DagBag from /usr/local/airflow/dags/Hello_world3.py
[2019-10-11 18:36:02,493] {{jobs.py:1808}} INFO - DAG(s) dict_keys(['hello_world3']) retrieved from /usr/local/airflow/dags/Hello_world3.py
[2019-10-11 18:36:02,575] {{logging_mixin.py:95}} INFO - [2019-10-11 18:36:02,575] {{models.py:456}} INFO - Finding 'running' jobs without a recent heartbeat
[2019-10-11 18:36:02,578] {{logging_mixin.py:95}} INFO - [2019-10-11 18:36:02,576] {{models.py:460}} INFO - Failing jobs without heartbeat after 2019-10-11 18:31:02.576492+00:00
[2019-10-11 18:36:02,594] {{jobs.py:393}} INFO - Processing /usr/local/airflow/dags/Hello_world3.py took 0.161 seconds
[2019-10-11 18:36:13,815] {{logging_mixin.py:95}} INFO - [2019-10-11 18:36:13,815] {{settings.py:174}} INFO - setting.configure_orm(): Using pool settings. pool_size=5, pool_recycle=1800
[2019-10-11 18:36:13,819] {{jobs.py:386}} INFO - Started process (PID=99) to work on /usr/local/airflow/dags/Hello_world3.py
[2019-10-11 18:36:13,822] {{jobs.py:1796}} INFO - Processing file /usr/local/airflow/dags/Hello_world3.py for tasks to queue
[2019-10-11 18:36:13,823] {{logging_mixin.py:95}} INFO - [2019-10-11 18:36:13,823] {{models.py:271}} INFO - Filling up the DagBag from /usr/local/airflow/dags/Hello_world3.py
[2019-10-11 18:36:13,848] {{jobs.py:1808}} INFO - DAG(s) dict_keys(['hello_world3']) retrieved from /usr/local/airflow/dags/Hello_world3.py
[2019-10-11 18:36:13,935] {{logging_mixin.py:95}} INFO - [2019-10-11 18:36:13,935] {{models.py:456}} INFO - Finding 'running' jobs without a recent heartbeat
[2019-10-11 18:36:13,937] {{logging_mixin.py:95}} INFO - [2019-10-11 18:36:13,936] {{models.py:460}} INFO - Failing jobs without heartbeat after 2019-10-11 18:31:13.936155+00:00
[2019-10-11 18:36:13,957] {{jobs.py:393}} INFO - Processing /usr/local/airflow/dags/Hello_world3.py took 0.138 seconds
[2019-10-11 18:36:25,047] {{logging_mixin.py:95}} INFO - [2019-10-11 18:36:25,046] {{settings.py:174}} INFO - setting.configure_orm(): Using pool settings. pool_size=5, pool_recycle=1800
[2019-10-11 18:36:25,050] {{jobs.py:386}} INFO - Started process (PID=118) to work on /usr/local/airflow/dags/Hello_world3.py
[2019-10-11 18:36:25,056] {{jobs.py:1796}} INFO - Processing file /usr/local/airflow/dags/Hello_world3.py for tasks to queue
[2019-10-11 18:36:25,057] {{logging_mixin.py:95}} INFO - [2019-10-11 18:36:25,057] {{models.py:271}} INFO - Filling up the DagBag from /usr/local/airflow/dags/Hello_world3.py
[2019-10-11 18:36:25,079] {{jobs.py:1808}} INFO - DAG(s) dict_keys(['hello_world3']) retrieved from /usr/local/airflow/dags/Hello_world3.py
[2019-10-11 18:36:25,173] {{logging_mixin.py:95}} INFO - [2019-10-11 18:36:25,173] {{models.py:456}} INFO - Finding 'running' jobs without a recent heartbeat
[2019-10-11 18:36:25,175] {{logging_mixin.py:95}} INFO - [2019-10-11 18:36:25,173] {{models.py:460}} INFO - Failing jobs without heartbeat after 2019-10-11 18:31:25.173805+00:00
[2019-10-11 18:36:25,191] {{jobs.py:393}} INFO - Processing /usr/local/airflow/dags/Hello_world3.py took 0.141 seconds
[2019-10-11 18:36:36,317] {{logging_mixin.py:95}} INFO - [2019-10-11 18:36:36,317] {{settings.py:174}} INFO - setting.configure_orm(): Using pool settings. pool_size=5, pool_recycle=1800
[2019-10-11 18:36:36,320] {{jobs.py:386}} INFO - Started process (PID=127) to work on /usr/local/airflow/dags/Hello_world3.py
[2019-10-11 18:36:36,325] {{jobs.py:1796}} INFO - Processing file /usr/local/airflow/dags/Hello_world3.py for tasks to queue
[2019-10-11 18:36:36,326] {{logging_mixin.py:95}} INFO - [2019-10-11 18:36:36,326] {{models.py:271}} INFO - Filling up the DagBag from /usr/local/airflow/dags/Hello_world3.py
[2019-10-11 18:36:36,361] {{jobs.py:1808}} INFO - DAG(s) dict_keys(['hello_world3']) retrieved from /usr/local/airflow/dags/Hello_world3.py
[2019-10-11 18:36:36,467] {{logging_mixin.py:95}} INFO - [2019-10-11 18:36:36,467] {{models.py:456}} INFO - Finding 'running' jobs without a recent heartbeat
[2019-10-11 18:36:36,471] {{logging_mixin.py:95}} INFO - [2019-10-11 18:36:36,469] {{models.py:460}} INFO - Failing jobs without heartbeat after 2019-10-11 18:31:36.469221+00:00
[2019-10-11 18:36:36,481] {{jobs.py:393}} INFO - Processing /usr/local/airflow/dags/Hello_world3.py took 0.161 seconds
[2019-10-11 18:36:47,579] {{logging_mixin.py:95}} INFO - [2019-10-11 18:36:47,578] {{settings.py:174}} INFO - setting.configure_orm(): Using pool settings. pool_size=5, pool_recycle=1800
[2019-10-11 18:36:47,582] {{jobs.py:386}} INFO - Started process (PID=136) to work on /usr/local/airflow/dags/Hello_world3.py
[2019-10-11 18:36:47,585] {{jobs.py:1796}} INFO - Processing file /usr/local/airflow/dags/Hello_world3.py for tasks to queue
[2019-10-11 18:36:47,587] {{logging_mixin.py:95}} INFO - [2019-10-11 18:36:47,587] {{models.py:271}} INFO - Filling up the DagBag from /usr/local/airflow/dags/Hello_world3.py
[2019-10-11 18:36:47,615] {{jobs.py:1808}} INFO - DAG(s) dict_keys(['hello_world3']) retrieved from /usr/local/airflow/dags/Hello_world3.py
[2019-10-11 18:36:47,662] {{logging_mixin.py:95}} INFO - [2019-10-11 18:36:47,662] {{models.py:456}} INFO - Finding 'running' jobs without a recent heartbeat
[2019-10-11 18:36:47,665] {{logging_mixin.py:95}} INFO - [2019-10-11 18:36:47,663] {{models.py:460}} INFO - Failing jobs without heartbeat after 2019-10-11 18:31:47.663804+00:00
[2019-10-11 18:36:47,686] {{jobs.py:393}} INFO - Processing /usr/local/airflow/dags/Hello_world3.py took 0.104 seconds
[2019-10-11 18:36:58,882] {{logging_mixin.py:95}} INFO - [2019-10-11 18:36:58,882] {{settings.py:174}} INFO - setting.configure_orm(): Using pool settings. pool_size=5, pool_recycle=1800
[2019-10-11 18:36:58,887] {{jobs.py:386}} INFO - Started process (PID=150) to work on /usr/local/airflow/dags/Hello_world3.py
[2019-10-11 18:36:58,890] {{jobs.py:1796}} INFO - Processing file /usr/local/airflow/dags/Hello_world3.py for tasks to queue
[2019-10-11 18:36:58,891] {{logging_mixin.py:95}} INFO - [2019-10-11 18:36:58,891] {{models.py:271}} INFO - Filling up the DagBag from /usr/local/airflow/dags/Hello_world3.py
[2019-10-11 18:36:58,913] {{jobs.py:1808}} INFO - DAG(s) dict_keys(['hello_world3']) retrieved from /usr/local/airflow/dags/Hello_world3.py
[2019-10-11 18:36:58,971] {{logging_mixin.py:95}} INFO - [2019-10-11 18:36:58,971] {{models.py:456}} INFO - Finding 'running' jobs without a recent heartbeat
[2019-10-11 18:36:58,974] {{logging_mixin.py:95}} INFO - [2019-10-11 18:36:58,972] {{models.py:460}} INFO - Failing jobs without heartbeat after 2019-10-11 18:31:58.972528+00:00
[2019-10-11 18:36:58,986] {{jobs.py:393}} INFO - Processing /usr/local/airflow/dags/Hello_world3.py took 0.099 seconds
[2019-10-11 18:37:10,125] {{logging_mixin.py:95}} INFO - [2019-10-11 18:37:10,125] {{settings.py:174}} INFO - setting.configure_orm(): Using pool settings. pool_size=5, pool_recycle=1800
[2019-10-11 18:37:10,130] {{jobs.py:386}} INFO - Started process (PID=159) to work on /usr/local/airflow/dags/Hello_world3.py
[2019-10-11 18:37:10,135] {{jobs.py:1796}} INFO - Processing file /usr/local/airflow/dags/Hello_world3.py for tasks to queue
[2019-10-11 18:37:10,136] {{logging_mixin.py:95}} INFO - [2019-10-11 18:37:10,136] {{models.py:271}} INFO - Filling up the DagBag from /usr/local/airflow/dags/Hello_world3.py
[2019-10-11 18:37:10,209] {{jobs.py:1808}} INFO - DAG(s) dict_keys(['hello_world3']) retrieved from /usr/local/airflow/dags/Hello_world3.py
[2019-10-11 18:37:10,319] {{logging_mixin.py:95}} INFO - [2019-10-11 18:37:10,319] {{models.py:456}} INFO - Finding 'running' jobs without a recent heartbeat
[2019-10-11 18:37:10,323] {{logging_mixin.py:95}} INFO - [2019-10-11 18:37:10,320] {{models.py:460}} INFO - Failing jobs without heartbeat after 2019-10-11 18:32:10.320263+00:00
[2019-10-11 18:37:10,332] {{jobs.py:393}} INFO - Processing /usr/local/airflow/dags/Hello_world3.py took 0.202 seconds
[2019-10-11 18:37:21,494] {{logging_mixin.py:95}} INFO - [2019-10-11 18:37:21,493] {{settings.py:174}} INFO - setting.configure_orm(): Using pool settings. pool_size=5, pool_recycle=1800
[2019-10-11 18:37:21,502] {{jobs.py:386}} INFO - Started process (PID=168) to work on /usr/local/airflow/dags/Hello_world3.py
[2019-10-11 18:37:21,505] {{jobs.py:1796}} INFO - Processing file /usr/local/airflow/dags/Hello_world3.py for tasks to queue
[2019-10-11 18:37:21,506] {{logging_mixin.py:95}} INFO - [2019-10-11 18:37:21,506] {{models.py:271}} INFO - Filling up the DagBag from /usr/local/airflow/dags/Hello_world3.py
[2019-10-11 18:37:21,543] {{jobs.py:1808}} INFO - DAG(s) dict_keys(['hello_world3']) retrieved from /usr/local/airflow/dags/Hello_world3.py
[2019-10-11 18:37:21,721] {{logging_mixin.py:95}} INFO - [2019-10-11 18:37:21,721] {{models.py:456}} INFO - Finding 'running' jobs without a recent heartbeat
[2019-10-11 18:37:21,724] {{logging_mixin.py:95}} INFO - [2019-10-11 18:37:21,722] {{models.py:460}} INFO - Failing jobs without heartbeat after 2019-10-11 18:32:21.722402+00:00
[2019-10-11 18:37:21,734] {{jobs.py:393}} INFO - Processing /usr/local/airflow/dags/Hello_world3.py took 0.232 seconds
[2019-10-11 18:37:32,673] {{logging_mixin.py:95}} INFO - [2019-10-11 18:37:32,673] {{settings.py:174}} INFO - setting.configure_orm(): Using pool settings. pool_size=5, pool_recycle=1800
[2019-10-11 18:37:32,678] {{jobs.py:386}} INFO - Started process (PID=181) to work on /usr/local/airflow/dags/Hello_world3.py
[2019-10-11 18:37:32,680] {{jobs.py:1796}} INFO - Processing file /usr/local/airflow/dags/Hello_world3.py for tasks to queue
[2019-10-11 18:37:32,681] {{logging_mixin.py:95}} INFO - [2019-10-11 18:37:32,681] {{models.py:271}} INFO - Filling up the DagBag from /usr/local/airflow/dags/Hello_world3.py
[2019-10-11 18:37:32,698] {{jobs.py:1808}} INFO - DAG(s) dict_keys(['hello_world3']) retrieved from /usr/local/airflow/dags/Hello_world3.py
[2019-10-11 18:37:32,854] {{logging_mixin.py:95}} INFO - [2019-10-11 18:37:32,853] {{models.py:456}} INFO - Finding 'running' jobs without a recent heartbeat
[2019-10-11 18:37:32,856] {{logging_mixin.py:95}} INFO - [2019-10-11 18:37:32,854] {{models.py:460}} INFO - Failing jobs without heartbeat after 2019-10-11 18:32:32.854740+00:00
[2019-10-11 18:37:32,863] {{jobs.py:393}} INFO - Processing /usr/local/airflow/dags/Hello_world3.py took 0.186 seconds
[2019-10-11 18:37:43,980] {{logging_mixin.py:95}} INFO - [2019-10-11 18:37:43,980] {{settings.py:174}} INFO - setting.configure_orm(): Using pool settings. pool_size=5, pool_recycle=1800
[2019-10-11 18:37:43,985] {{jobs.py:386}} INFO - Started process (PID=190) to work on /usr/local/airflow/dags/Hello_world3.py
[2019-10-11 18:37:43,988] {{jobs.py:1796}} INFO - Processing file /usr/local/airflow/dags/Hello_world3.py for tasks to queue
[2019-10-11 18:37:43,988] {{logging_mixin.py:95}} INFO - [2019-10-11 18:37:43,988] {{models.py:271}} INFO - Filling up the DagBag from /usr/local/airflow/dags/Hello_world3.py
[2019-10-11 18:37:44,008] {{jobs.py:1808}} INFO - DAG(s) dict_keys(['hello_world3']) retrieved from /usr/local/airflow/dags/Hello_world3.py
[2019-10-11 18:37:44,309] {{logging_mixin.py:95}} INFO - [2019-10-11 18:37:44,309] {{models.py:456}} INFO - Finding 'running' jobs without a recent heartbeat
[2019-10-11 18:37:44,311] {{logging_mixin.py:95}} INFO - [2019-10-11 18:37:44,309] {{models.py:460}} INFO - Failing jobs without heartbeat after 2019-10-11 18:32:44.309809+00:00
[2019-10-11 18:37:44,325] {{jobs.py:393}} INFO - Processing /usr/local/airflow/dags/Hello_world3.py took 0.340 seconds
[2019-10-11 18:37:55,492] {{logging_mixin.py:95}} INFO - [2019-10-11 18:37:55,492] {{settings.py:174}} INFO - setting.configure_orm(): Using pool settings. pool_size=5, pool_recycle=1800
[2019-10-11 18:37:55,495] {{jobs.py:386}} INFO - Started process (PID=204) to work on /usr/local/airflow/dags/Hello_world3.py
[2019-10-11 18:37:55,498] {{jobs.py:1796}} INFO - Processing file /usr/local/airflow/dags/Hello_world3.py for tasks to queue
[2019-10-11 18:37:55,499] {{logging_mixin.py:95}} INFO - [2019-10-11 18:37:55,499] {{models.py:271}} INFO - Filling up the DagBag from /usr/local/airflow/dags/Hello_world3.py
[2019-10-11 18:37:55,517] {{jobs.py:1808}} INFO - DAG(s) dict_keys(['hello_world3']) retrieved from /usr/local/airflow/dags/Hello_world3.py
[2019-10-11 18:37:55,610] {{logging_mixin.py:95}} INFO - [2019-10-11 18:37:55,610] {{models.py:456}} INFO - Finding 'running' jobs without a recent heartbeat
[2019-10-11 18:37:55,613] {{logging_mixin.py:95}} INFO - [2019-10-11 18:37:55,611] {{models.py:460}} INFO - Failing jobs without heartbeat after 2019-10-11 18:32:55.611849+00:00
[2019-10-11 18:37:55,622] {{jobs.py:393}} INFO - Processing /usr/local/airflow/dags/Hello_world3.py took 0.126 seconds
[2019-10-11 18:38:06,724] {{logging_mixin.py:95}} INFO - [2019-10-11 18:38:06,724] {{settings.py:174}} INFO - setting.configure_orm(): Using pool settings. pool_size=5, pool_recycle=1800
[2019-10-11 18:38:06,728] {{jobs.py:386}} INFO - Started process (PID=213) to work on /usr/local/airflow/dags/Hello_world3.py
[2019-10-11 18:38:06,730] {{jobs.py:1796}} INFO - Processing file /usr/local/airflow/dags/Hello_world3.py for tasks to queue
[2019-10-11 18:38:06,732] {{logging_mixin.py:95}} INFO - [2019-10-11 18:38:06,732] {{models.py:271}} INFO - Filling up the DagBag from /usr/local/airflow/dags/Hello_world3.py
[2019-10-11 18:38:06,754] {{jobs.py:1808}} INFO - DAG(s) dict_keys(['hello_world3']) retrieved from /usr/local/airflow/dags/Hello_world3.py
[2019-10-11 18:38:06,836] {{logging_mixin.py:95}} INFO - [2019-10-11 18:38:06,836] {{models.py:456}} INFO - Finding 'running' jobs without a recent heartbeat
[2019-10-11 18:38:06,838] {{logging_mixin.py:95}} INFO - [2019-10-11 18:38:06,837] {{models.py:460}} INFO - Failing jobs without heartbeat after 2019-10-11 18:33:06.837117+00:00
[2019-10-11 18:38:06,845] {{jobs.py:393}} INFO - Processing /usr/local/airflow/dags/Hello_world3.py took 0.118 seconds
[2019-10-11 18:38:17,965] {{logging_mixin.py:95}} INFO - [2019-10-11 18:38:17,965] {{settings.py:174}} INFO - setting.configure_orm(): Using pool settings. pool_size=5, pool_recycle=1800
[2019-10-11 18:38:17,970] {{jobs.py:386}} INFO - Started process (PID=222) to work on /usr/local/airflow/dags/Hello_world3.py
[2019-10-11 18:38:17,972] {{jobs.py:1796}} INFO - Processing file /usr/local/airflow/dags/Hello_world3.py for tasks to queue
[2019-10-11 18:38:17,973] {{logging_mixin.py:95}} INFO - [2019-10-11 18:38:17,973] {{models.py:271}} INFO - Filling up the DagBag from /usr/local/airflow/dags/Hello_world3.py
[2019-10-11 18:38:17,992] {{jobs.py:1808}} INFO - DAG(s) dict_keys(['hello_world3']) retrieved from /usr/local/airflow/dags/Hello_world3.py
[2019-10-11 18:38:18,063] {{logging_mixin.py:95}} INFO - [2019-10-11 18:38:18,063] {{models.py:456}} INFO - Finding 'running' jobs without a recent heartbeat
[2019-10-11 18:38:18,065] {{logging_mixin.py:95}} INFO - [2019-10-11 18:38:18,063] {{models.py:460}} INFO - Failing jobs without heartbeat after 2019-10-11 18:33:18.063611+00:00
[2019-10-11 18:38:18,071] {{jobs.py:393}} INFO - Processing /usr/local/airflow/dags/Hello_world3.py took 0.101 seconds
[2019-10-11 18:38:29,209] {{logging_mixin.py:95}} INFO - [2019-10-11 18:38:29,209] {{settings.py:174}} INFO - setting.configure_orm(): Using pool settings. pool_size=5, pool_recycle=1800
[2019-10-11 18:38:29,213] {{jobs.py:386}} INFO - Started process (PID=236) to work on /usr/local/airflow/dags/Hello_world3.py
[2019-10-11 18:38:29,216] {{jobs.py:1796}} INFO - Processing file /usr/local/airflow/dags/Hello_world3.py for tasks to queue
[2019-10-11 18:38:29,217] {{logging_mixin.py:95}} INFO - [2019-10-11 18:38:29,217] {{models.py:271}} INFO - Filling up the DagBag from /usr/local/airflow/dags/Hello_world3.py
[2019-10-11 18:38:29,235] {{jobs.py:1808}} INFO - DAG(s) dict_keys(['hello_world3']) retrieved from /usr/local/airflow/dags/Hello_world3.py
[2019-10-11 18:38:29,336] {{logging_mixin.py:95}} INFO - [2019-10-11 18:38:29,336] {{models.py:456}} INFO - Finding 'running' jobs without a recent heartbeat
[2019-10-11 18:38:29,339] {{logging_mixin.py:95}} INFO - [2019-10-11 18:38:29,337] {{models.py:460}} INFO - Failing jobs without heartbeat after 2019-10-11 18:33:29.337625+00:00
[2019-10-11 18:38:29,347] {{jobs.py:393}} INFO - Processing /usr/local/airflow/dags/Hello_world3.py took 0.134 seconds
[2019-10-11 18:38:40,469] {{logging_mixin.py:95}} INFO - [2019-10-11 18:38:40,469] {{settings.py:174}} INFO - setting.configure_orm(): Using pool settings. pool_size=5, pool_recycle=1800
[2019-10-11 18:38:40,472] {{jobs.py:386}} INFO - Started process (PID=245) to work on /usr/local/airflow/dags/Hello_world3.py
[2019-10-11 18:38:40,474] {{jobs.py:1796}} INFO - Processing file /usr/local/airflow/dags/Hello_world3.py for tasks to queue
[2019-10-11 18:38:40,476] {{logging_mixin.py:95}} INFO - [2019-10-11 18:38:40,475] {{models.py:271}} INFO - Filling up the DagBag from /usr/local/airflow/dags/Hello_world3.py
[2019-10-11 18:38:40,493] {{jobs.py:1808}} INFO - DAG(s) dict_keys(['hello_world3']) retrieved from /usr/local/airflow/dags/Hello_world3.py
[2019-10-11 18:38:40,548] {{logging_mixin.py:95}} INFO - [2019-10-11 18:38:40,548] {{models.py:456}} INFO - Finding 'running' jobs without a recent heartbeat
[2019-10-11 18:38:40,551] {{logging_mixin.py:95}} INFO - [2019-10-11 18:38:40,549] {{models.py:460}} INFO - Failing jobs without heartbeat after 2019-10-11 18:33:40.549838+00:00
[2019-10-11 18:38:40,559] {{jobs.py:393}} INFO - Processing /usr/local/airflow/dags/Hello_world3.py took 0.087 seconds
[2019-10-11 18:38:51,727] {{logging_mixin.py:95}} INFO - [2019-10-11 18:38:51,727] {{settings.py:174}} INFO - setting.configure_orm(): Using pool settings. pool_size=5, pool_recycle=1800
[2019-10-11 18:38:51,730] {{jobs.py:386}} INFO - Started process (PID=254) to work on /usr/local/airflow/dags/Hello_world3.py
[2019-10-11 18:38:51,736] {{jobs.py:1796}} INFO - Processing file /usr/local/airflow/dags/Hello_world3.py for tasks to queue
[2019-10-11 18:38:51,737] {{logging_mixin.py:95}} INFO - [2019-10-11 18:38:51,737] {{models.py:271}} INFO - Filling up the DagBag from /usr/local/airflow/dags/Hello_world3.py
[2019-10-11 18:38:51,757] {{jobs.py:1808}} INFO - DAG(s) dict_keys(['hello_world3']) retrieved from /usr/local/airflow/dags/Hello_world3.py
[2019-10-11 18:38:51,851] {{logging_mixin.py:95}} INFO - [2019-10-11 18:38:51,851] {{models.py:456}} INFO - Finding 'running' jobs without a recent heartbeat
[2019-10-11 18:38:51,853] {{logging_mixin.py:95}} INFO - [2019-10-11 18:38:51,851] {{models.py:460}} INFO - Failing jobs without heartbeat after 2019-10-11 18:33:51.851913+00:00
[2019-10-11 18:38:51,861] {{jobs.py:393}} INFO - Processing /usr/local/airflow/dags/Hello_world3.py took 0.130 seconds
[2019-10-11 18:39:03,030] {{logging_mixin.py:95}} INFO - [2019-10-11 18:39:03,030] {{settings.py:174}} INFO - setting.configure_orm(): Using pool settings. pool_size=5, pool_recycle=1800
[2019-10-11 18:39:03,034] {{jobs.py:386}} INFO - Started process (PID=268) to work on /usr/local/airflow/dags/Hello_world3.py
[2019-10-11 18:39:03,037] {{jobs.py:1796}} INFO - Processing file /usr/local/airflow/dags/Hello_world3.py for tasks to queue
[2019-10-11 18:39:03,038] {{logging_mixin.py:95}} INFO - [2019-10-11 18:39:03,038] {{models.py:271}} INFO - Filling up the DagBag from /usr/local/airflow/dags/Hello_world3.py
[2019-10-11 18:39:03,054] {{jobs.py:1808}} INFO - DAG(s) dict_keys(['hello_world3']) retrieved from /usr/local/airflow/dags/Hello_world3.py
[2019-10-11 18:39:03,112] {{logging_mixin.py:95}} INFO - [2019-10-11 18:39:03,112] {{models.py:456}} INFO - Finding 'running' jobs without a recent heartbeat
[2019-10-11 18:39:03,114] {{logging_mixin.py:95}} INFO - [2019-10-11 18:39:03,113] {{models.py:460}} INFO - Failing jobs without heartbeat after 2019-10-11 18:34:03.113159+00:00
[2019-10-11 18:39:03,122] {{jobs.py:393}} INFO - Processing /usr/local/airflow/dags/Hello_world3.py took 0.088 seconds
[2019-10-11 18:39:14,261] {{logging_mixin.py:95}} INFO - [2019-10-11 18:39:14,261] {{settings.py:174}} INFO - setting.configure_orm(): Using pool settings. pool_size=5, pool_recycle=1800
[2019-10-11 18:39:14,265] {{jobs.py:386}} INFO - Started process (PID=277) to work on /usr/local/airflow/dags/Hello_world3.py
[2019-10-11 18:39:14,268] {{jobs.py:1796}} INFO - Processing file /usr/local/airflow/dags/Hello_world3.py for tasks to queue
[2019-10-11 18:39:14,269] {{logging_mixin.py:95}} INFO - [2019-10-11 18:39:14,269] {{models.py:271}} INFO - Filling up the DagBag from /usr/local/airflow/dags/Hello_world3.py
[2019-10-11 18:39:14,289] {{jobs.py:1808}} INFO - DAG(s) dict_keys(['hello_world3']) retrieved from /usr/local/airflow/dags/Hello_world3.py
[2019-10-11 18:39:14,386] {{logging_mixin.py:95}} INFO - [2019-10-11 18:39:14,386] {{models.py:456}} INFO - Finding 'running' jobs without a recent heartbeat
[2019-10-11 18:39:14,388] {{logging_mixin.py:95}} INFO - [2019-10-11 18:39:14,387] {{models.py:460}} INFO - Failing jobs without heartbeat after 2019-10-11 18:34:14.387354+00:00
[2019-10-11 18:39:14,397] {{jobs.py:393}} INFO - Processing /usr/local/airflow/dags/Hello_world3.py took 0.132 seconds
[2019-10-11 18:39:25,470] {{logging_mixin.py:95}} INFO - [2019-10-11 18:39:25,470] {{settings.py:174}} INFO - setting.configure_orm(): Using pool settings. pool_size=5, pool_recycle=1800
[2019-10-11 18:39:25,476] {{jobs.py:386}} INFO - Started process (PID=291) to work on /usr/local/airflow/dags/Hello_world3.py
[2019-10-11 18:39:25,478] {{jobs.py:1796}} INFO - Processing file /usr/local/airflow/dags/Hello_world3.py for tasks to queue
[2019-10-11 18:39:25,480] {{logging_mixin.py:95}} INFO - [2019-10-11 18:39:25,479] {{models.py:271}} INFO - Filling up the DagBag from /usr/local/airflow/dags/Hello_world3.py
[2019-10-11 18:39:25,499] {{jobs.py:1808}} INFO - DAG(s) dict_keys(['hello_world3']) retrieved from /usr/local/airflow/dags/Hello_world3.py
[2019-10-11 18:39:25,587] {{logging_mixin.py:95}} INFO - [2019-10-11 18:39:25,587] {{models.py:456}} INFO - Finding 'running' jobs without a recent heartbeat
[2019-10-11 18:39:25,591] {{logging_mixin.py:95}} INFO - [2019-10-11 18:39:25,589] {{models.py:460}} INFO - Failing jobs without heartbeat after 2019-10-11 18:34:25.589229+00:00
[2019-10-11 18:39:25,599] {{jobs.py:393}} INFO - Processing /usr/local/airflow/dags/Hello_world3.py took 0.124 seconds
[2019-10-11 18:39:36,703] {{logging_mixin.py:95}} INFO - [2019-10-11 18:39:36,703] {{settings.py:174}} INFO - setting.configure_orm(): Using pool settings. pool_size=5, pool_recycle=1800
[2019-10-11 18:39:36,707] {{jobs.py:386}} INFO - Started process (PID=300) to work on /usr/local/airflow/dags/Hello_world3.py
[2019-10-11 18:39:36,712] {{jobs.py:1796}} INFO - Processing file /usr/local/airflow/dags/Hello_world3.py for tasks to queue
[2019-10-11 18:39:36,713] {{logging_mixin.py:95}} INFO - [2019-10-11 18:39:36,713] {{models.py:271}} INFO - Filling up the DagBag from /usr/local/airflow/dags/Hello_world3.py
[2019-10-11 18:39:36,733] {{jobs.py:1808}} INFO - DAG(s) dict_keys(['hello_world3']) retrieved from /usr/local/airflow/dags/Hello_world3.py
[2019-10-11 18:39:36,808] {{logging_mixin.py:95}} INFO - [2019-10-11 18:39:36,808] {{models.py:456}} INFO - Finding 'running' jobs without a recent heartbeat
[2019-10-11 18:39:36,810] {{logging_mixin.py:95}} INFO - [2019-10-11 18:39:36,808] {{models.py:460}} INFO - Failing jobs without heartbeat after 2019-10-11 18:34:36.808727+00:00
[2019-10-11 18:39:36,820] {{jobs.py:393}} INFO - Processing /usr/local/airflow/dags/Hello_world3.py took 0.113 seconds
[2019-10-11 18:39:48,008] {{logging_mixin.py:95}} INFO - [2019-10-11 18:39:48,008] {{settings.py:174}} INFO - setting.configure_orm(): Using pool settings. pool_size=5, pool_recycle=1800
[2019-10-11 18:39:48,012] {{jobs.py:386}} INFO - Started process (PID=309) to work on /usr/local/airflow/dags/Hello_world3.py
[2019-10-11 18:39:48,016] {{jobs.py:1796}} INFO - Processing file /usr/local/airflow/dags/Hello_world3.py for tasks to queue
[2019-10-11 18:39:48,017] {{logging_mixin.py:95}} INFO - [2019-10-11 18:39:48,017] {{models.py:271}} INFO - Filling up the DagBag from /usr/local/airflow/dags/Hello_world3.py
[2019-10-11 18:39:48,038] {{jobs.py:1808}} INFO - DAG(s) dict_keys(['hello_world3']) retrieved from /usr/local/airflow/dags/Hello_world3.py
[2019-10-11 18:39:48,128] {{logging_mixin.py:95}} INFO - [2019-10-11 18:39:48,128] {{models.py:456}} INFO - Finding 'running' jobs without a recent heartbeat
[2019-10-11 18:39:48,131] {{logging_mixin.py:95}} INFO - [2019-10-11 18:39:48,129] {{models.py:460}} INFO - Failing jobs without heartbeat after 2019-10-11 18:34:48.129678+00:00
[2019-10-11 18:39:48,140] {{jobs.py:393}} INFO - Processing /usr/local/airflow/dags/Hello_world3.py took 0.127 seconds
[2019-10-11 18:39:59,303] {{logging_mixin.py:95}} INFO - [2019-10-11 18:39:59,303] {{settings.py:174}} INFO - setting.configure_orm(): Using pool settings. pool_size=5, pool_recycle=1800
[2019-10-11 18:39:59,308] {{jobs.py:386}} INFO - Started process (PID=324) to work on /usr/local/airflow/dags/Hello_world3.py
[2019-10-11 18:39:59,311] {{jobs.py:1796}} INFO - Processing file /usr/local/airflow/dags/Hello_world3.py for tasks to queue
[2019-10-11 18:39:59,312] {{logging_mixin.py:95}} INFO - [2019-10-11 18:39:59,312] {{models.py:271}} INFO - Filling up the DagBag from /usr/local/airflow/dags/Hello_world3.py
[2019-10-11 18:39:59,341] {{jobs.py:1808}} INFO - DAG(s) dict_keys(['hello_world3']) retrieved from /usr/local/airflow/dags/Hello_world3.py
[2019-10-11 18:39:59,446] {{logging_mixin.py:95}} INFO - [2019-10-11 18:39:59,446] {{models.py:456}} INFO - Finding 'running' jobs without a recent heartbeat
[2019-10-11 18:39:59,449] {{logging_mixin.py:95}} INFO - [2019-10-11 18:39:59,447] {{models.py:460}} INFO - Failing jobs without heartbeat after 2019-10-11 18:34:59.447406+00:00
[2019-10-11 18:39:59,458] {{jobs.py:393}} INFO - Processing /usr/local/airflow/dags/Hello_world3.py took 0.150 seconds
[2019-10-11 18:40:10,542] {{logging_mixin.py:95}} INFO - [2019-10-11 18:40:10,542] {{settings.py:174}} INFO - setting.configure_orm(): Using pool settings. pool_size=5, pool_recycle=1800
[2019-10-11 18:40:10,545] {{jobs.py:386}} INFO - Started process (PID=333) to work on /usr/local/airflow/dags/Hello_world3.py
[2019-10-11 18:40:10,548] {{jobs.py:1796}} INFO - Processing file /usr/local/airflow/dags/Hello_world3.py for tasks to queue
[2019-10-11 18:40:10,550] {{logging_mixin.py:95}} INFO - [2019-10-11 18:40:10,550] {{models.py:271}} INFO - Filling up the DagBag from /usr/local/airflow/dags/Hello_world3.py
[2019-10-11 18:40:10,570] {{jobs.py:1808}} INFO - DAG(s) dict_keys(['hello_world3']) retrieved from /usr/local/airflow/dags/Hello_world3.py
[2019-10-11 18:40:10,776] {{logging_mixin.py:95}} INFO - [2019-10-11 18:40:10,775] {{models.py:456}} INFO - Finding 'running' jobs without a recent heartbeat
[2019-10-11 18:40:10,779] {{logging_mixin.py:95}} INFO - [2019-10-11 18:40:10,777] {{models.py:460}} INFO - Failing jobs without heartbeat after 2019-10-11 18:35:10.776990+00:00
[2019-10-11 18:40:10,787] {{jobs.py:393}} INFO - Processing /usr/local/airflow/dags/Hello_world3.py took 0.241 seconds
[2019-10-11 18:40:21,804] {{logging_mixin.py:95}} INFO - [2019-10-11 18:40:21,804] {{settings.py:174}} INFO - setting.configure_orm(): Using pool settings. pool_size=5, pool_recycle=1800
[2019-10-11 18:40:21,808] {{jobs.py:386}} INFO - Started process (PID=342) to work on /usr/local/airflow/dags/Hello_world3.py
[2019-10-11 18:40:21,811] {{jobs.py:1796}} INFO - Processing file /usr/local/airflow/dags/Hello_world3.py for tasks to queue
[2019-10-11 18:40:21,812] {{logging_mixin.py:95}} INFO - [2019-10-11 18:40:21,812] {{models.py:271}} INFO - Filling up the DagBag from /usr/local/airflow/dags/Hello_world3.py
[2019-10-11 18:40:21,834] {{jobs.py:1808}} INFO - DAG(s) dict_keys(['hello_world3']) retrieved from /usr/local/airflow/dags/Hello_world3.py
[2019-10-11 18:40:21,890] {{logging_mixin.py:95}} INFO - [2019-10-11 18:40:21,890] {{models.py:456}} INFO - Finding 'running' jobs without a recent heartbeat
[2019-10-11 18:40:21,893] {{logging_mixin.py:95}} INFO - [2019-10-11 18:40:21,891] {{models.py:460}} INFO - Failing jobs without heartbeat after 2019-10-11 18:35:21.891908+00:00
[2019-10-11 18:40:21,901] {{jobs.py:393}} INFO - Processing /usr/local/airflow/dags/Hello_world3.py took 0.093 seconds
[2019-10-11 18:40:33,151] {{logging_mixin.py:95}} INFO - [2019-10-11 18:40:33,151] {{settings.py:174}} INFO - setting.configure_orm(): Using pool settings. pool_size=5, pool_recycle=1800
[2019-10-11 18:40:33,156] {{jobs.py:386}} INFO - Started process (PID=356) to work on /usr/local/airflow/dags/Hello_world3.py
[2019-10-11 18:40:33,159] {{jobs.py:1796}} INFO - Processing file /usr/local/airflow/dags/Hello_world3.py for tasks to queue
[2019-10-11 18:40:33,160] {{logging_mixin.py:95}} INFO - [2019-10-11 18:40:33,160] {{models.py:271}} INFO - Filling up the DagBag from /usr/local/airflow/dags/Hello_world3.py
[2019-10-11 18:40:33,178] {{jobs.py:1808}} INFO - DAG(s) dict_keys(['hello_world3']) retrieved from /usr/local/airflow/dags/Hello_world3.py
[2019-10-11 18:40:33,229] {{logging_mixin.py:95}} INFO - [2019-10-11 18:40:33,229] {{models.py:456}} INFO - Finding 'running' jobs without a recent heartbeat
[2019-10-11 18:40:33,231] {{logging_mixin.py:95}} INFO - [2019-10-11 18:40:33,229] {{models.py:460}} INFO - Failing jobs without heartbeat after 2019-10-11 18:35:33.229901+00:00
[2019-10-11 18:40:33,240] {{jobs.py:393}} INFO - Processing /usr/local/airflow/dags/Hello_world3.py took 0.083 seconds
[2019-10-11 18:40:44,543] {{logging_mixin.py:95}} INFO - [2019-10-11 18:40:44,543] {{settings.py:174}} INFO - setting.configure_orm(): Using pool settings. pool_size=5, pool_recycle=1800
[2019-10-11 18:40:44,548] {{jobs.py:386}} INFO - Started process (PID=365) to work on /usr/local/airflow/dags/Hello_world3.py
[2019-10-11 18:40:44,551] {{jobs.py:1796}} INFO - Processing file /usr/local/airflow/dags/Hello_world3.py for tasks to queue
[2019-10-11 18:40:44,553] {{logging_mixin.py:95}} INFO - [2019-10-11 18:40:44,552] {{models.py:271}} INFO - Filling up the DagBag from /usr/local/airflow/dags/Hello_world3.py
[2019-10-11 18:40:44,577] {{jobs.py:1808}} INFO - DAG(s) dict_keys(['hello_world3']) retrieved from /usr/local/airflow/dags/Hello_world3.py
[2019-10-11 18:40:44,689] {{logging_mixin.py:95}} INFO - [2019-10-11 18:40:44,689] {{models.py:456}} INFO - Finding 'running' jobs without a recent heartbeat
[2019-10-11 18:40:44,692] {{logging_mixin.py:95}} INFO - [2019-10-11 18:40:44,690] {{models.py:460}} INFO - Failing jobs without heartbeat after 2019-10-11 18:35:44.690804+00:00
[2019-10-11 18:40:44,704] {{jobs.py:393}} INFO - Processing /usr/local/airflow/dags/Hello_world3.py took 0.156 seconds
[2019-10-11 18:40:56,298] {{logging_mixin.py:95}} INFO - [2019-10-11 18:40:56,298] {{settings.py:174}} INFO - setting.configure_orm(): Using pool settings. pool_size=5, pool_recycle=1800
[2019-10-11 18:40:56,302] {{jobs.py:386}} INFO - Started process (PID=379) to work on /usr/local/airflow/dags/Hello_world3.py
[2019-10-11 18:40:56,305] {{jobs.py:1796}} INFO - Processing file /usr/local/airflow/dags/Hello_world3.py for tasks to queue
[2019-10-11 18:40:56,305] {{logging_mixin.py:95}} INFO - [2019-10-11 18:40:56,305] {{models.py:271}} INFO - Filling up the DagBag from /usr/local/airflow/dags/Hello_world3.py
[2019-10-11 18:40:56,322] {{jobs.py:1808}} INFO - DAG(s) dict_keys(['hello_world3']) retrieved from /usr/local/airflow/dags/Hello_world3.py
[2019-10-11 18:40:56,524] {{logging_mixin.py:95}} INFO - [2019-10-11 18:40:56,524] {{models.py:456}} INFO - Finding 'running' jobs without a recent heartbeat
[2019-10-11 18:40:56,526] {{logging_mixin.py:95}} INFO - [2019-10-11 18:40:56,524] {{models.py:460}} INFO - Failing jobs without heartbeat after 2019-10-11 18:35:56.524924+00:00
[2019-10-11 18:40:56,535] {{jobs.py:393}} INFO - Processing /usr/local/airflow/dags/Hello_world3.py took 0.233 seconds
[2019-10-11 18:41:07,923] {{logging_mixin.py:95}} INFO - [2019-10-11 18:41:07,922] {{settings.py:174}} INFO - setting.configure_orm(): Using pool settings. pool_size=5, pool_recycle=1800
[2019-10-11 18:41:07,926] {{jobs.py:386}} INFO - Started process (PID=388) to work on /usr/local/airflow/dags/Hello_world3.py
[2019-10-11 18:41:07,930] {{jobs.py:1796}} INFO - Processing file /usr/local/airflow/dags/Hello_world3.py for tasks to queue
[2019-10-11 18:41:07,932] {{logging_mixin.py:95}} INFO - [2019-10-11 18:41:07,932] {{models.py:271}} INFO - Filling up the DagBag from /usr/local/airflow/dags/Hello_world3.py
[2019-10-11 18:41:07,950] {{jobs.py:1808}} INFO - DAG(s) dict_keys(['hello_world3']) retrieved from /usr/local/airflow/dags/Hello_world3.py
[2019-10-11 18:41:08,038] {{logging_mixin.py:95}} INFO - [2019-10-11 18:41:08,038] {{models.py:456}} INFO - Finding 'running' jobs without a recent heartbeat
[2019-10-11 18:41:08,041] {{logging_mixin.py:95}} INFO - [2019-10-11 18:41:08,039] {{models.py:460}} INFO - Failing jobs without heartbeat after 2019-10-11 18:36:08.039685+00:00
[2019-10-11 18:41:08,048] {{jobs.py:393}} INFO - Processing /usr/local/airflow/dags/Hello_world3.py took 0.122 seconds
[2019-10-11 18:41:19,122] {{logging_mixin.py:95}} INFO - [2019-10-11 18:41:19,122] {{settings.py:174}} INFO - setting.configure_orm(): Using pool settings. pool_size=5, pool_recycle=1800
[2019-10-11 18:41:19,126] {{jobs.py:386}} INFO - Started process (PID=397) to work on /usr/local/airflow/dags/Hello_world3.py
[2019-10-11 18:41:19,129] {{jobs.py:1796}} INFO - Processing file /usr/local/airflow/dags/Hello_world3.py for tasks to queue
[2019-10-11 18:41:19,130] {{logging_mixin.py:95}} INFO - [2019-10-11 18:41:19,130] {{models.py:271}} INFO - Filling up the DagBag from /usr/local/airflow/dags/Hello_world3.py
[2019-10-11 18:41:19,148] {{jobs.py:1808}} INFO - DAG(s) dict_keys(['hello_world3']) retrieved from /usr/local/airflow/dags/Hello_world3.py
[2019-10-11 18:41:19,215] {{logging_mixin.py:95}} INFO - [2019-10-11 18:41:19,215] {{models.py:456}} INFO - Finding 'running' jobs without a recent heartbeat
[2019-10-11 18:41:19,218] {{logging_mixin.py:95}} INFO - [2019-10-11 18:41:19,216] {{models.py:460}} INFO - Failing jobs without heartbeat after 2019-10-11 18:36:19.216495+00:00
[2019-10-11 18:41:19,226] {{jobs.py:393}} INFO - Processing /usr/local/airflow/dags/Hello_world3.py took 0.100 seconds
[2019-10-11 18:41:30,546] {{logging_mixin.py:95}} INFO - [2019-10-11 18:41:30,546] {{settings.py:174}} INFO - setting.configure_orm(): Using pool settings. pool_size=5, pool_recycle=1800
[2019-10-11 18:41:30,549] {{jobs.py:386}} INFO - Started process (PID=411) to work on /usr/local/airflow/dags/Hello_world3.py
[2019-10-11 18:41:30,552] {{jobs.py:1796}} INFO - Processing file /usr/local/airflow/dags/Hello_world3.py for tasks to queue
[2019-10-11 18:41:30,553] {{logging_mixin.py:95}} INFO - [2019-10-11 18:41:30,553] {{models.py:271}} INFO - Filling up the DagBag from /usr/local/airflow/dags/Hello_world3.py
[2019-10-11 18:41:30,573] {{jobs.py:1808}} INFO - DAG(s) dict_keys(['hello_world3']) retrieved from /usr/local/airflow/dags/Hello_world3.py
[2019-10-11 18:41:30,634] {{logging_mixin.py:95}} INFO - [2019-10-11 18:41:30,633] {{models.py:456}} INFO - Finding 'running' jobs without a recent heartbeat
[2019-10-11 18:41:30,635] {{logging_mixin.py:95}} INFO - [2019-10-11 18:41:30,634] {{models.py:460}} INFO - Failing jobs without heartbeat after 2019-10-11 18:36:30.634187+00:00
[2019-10-11 18:41:30,644] {{jobs.py:393}} INFO - Processing /usr/local/airflow/dags/Hello_world3.py took 0.095 seconds
[2019-10-11 18:41:41,886] {{logging_mixin.py:95}} INFO - [2019-10-11 18:41:41,885] {{settings.py:174}} INFO - setting.configure_orm(): Using pool settings. pool_size=5, pool_recycle=1800
[2019-10-11 18:41:41,889] {{jobs.py:386}} INFO - Started process (PID=420) to work on /usr/local/airflow/dags/Hello_world3.py
[2019-10-11 18:41:41,892] {{jobs.py:1796}} INFO - Processing file /usr/local/airflow/dags/Hello_world3.py for tasks to queue
[2019-10-11 18:41:41,893] {{logging_mixin.py:95}} INFO - [2019-10-11 18:41:41,893] {{models.py:271}} INFO - Filling up the DagBag from /usr/local/airflow/dags/Hello_world3.py
[2019-10-11 18:41:41,914] {{jobs.py:1808}} INFO - DAG(s) dict_keys(['hello_world3']) retrieved from /usr/local/airflow/dags/Hello_world3.py
[2019-10-11 18:41:42,004] {{logging_mixin.py:95}} INFO - [2019-10-11 18:41:42,004] {{models.py:456}} INFO - Finding 'running' jobs without a recent heartbeat
[2019-10-11 18:41:42,008] {{logging_mixin.py:95}} INFO - [2019-10-11 18:41:42,005] {{models.py:460}} INFO - Failing jobs without heartbeat after 2019-10-11 18:36:42.005968+00:00
[2019-10-11 18:41:42,015] {{jobs.py:393}} INFO - Processing /usr/local/airflow/dags/Hello_world3.py took 0.126 seconds
[2019-10-11 18:41:53,069] {{logging_mixin.py:95}} INFO - [2019-10-11 18:41:53,069] {{settings.py:174}} INFO - setting.configure_orm(): Using pool settings. pool_size=5, pool_recycle=1800
[2019-10-11 18:41:53,073] {{jobs.py:386}} INFO - Started process (PID=429) to work on /usr/local/airflow/dags/Hello_world3.py
[2019-10-11 18:41:53,075] {{jobs.py:1796}} INFO - Processing file /usr/local/airflow/dags/Hello_world3.py for tasks to queue
[2019-10-11 18:41:53,077] {{logging_mixin.py:95}} INFO - [2019-10-11 18:41:53,077] {{models.py:271}} INFO - Filling up the DagBag from /usr/local/airflow/dags/Hello_world3.py
[2019-10-11 18:41:53,099] {{jobs.py:1808}} INFO - DAG(s) dict_keys(['hello_world3']) retrieved from /usr/local/airflow/dags/Hello_world3.py
[2019-10-11 18:41:53,333] {{logging_mixin.py:95}} INFO - [2019-10-11 18:41:53,333] {{models.py:456}} INFO - Finding 'running' jobs without a recent heartbeat
[2019-10-11 18:41:53,336] {{logging_mixin.py:95}} INFO - [2019-10-11 18:41:53,334] {{models.py:460}} INFO - Failing jobs without heartbeat after 2019-10-11 18:36:53.334601+00:00
[2019-10-11 18:41:53,344] {{jobs.py:393}} INFO - Processing /usr/local/airflow/dags/Hello_world3.py took 0.272 seconds
[2019-10-11 18:42:04,382] {{logging_mixin.py:95}} INFO - [2019-10-11 18:42:04,382] {{settings.py:174}} INFO - setting.configure_orm(): Using pool settings. pool_size=5, pool_recycle=1800
[2019-10-11 18:42:04,386] {{jobs.py:386}} INFO - Started process (PID=443) to work on /usr/local/airflow/dags/Hello_world3.py
[2019-10-11 18:42:04,388] {{jobs.py:1796}} INFO - Processing file /usr/local/airflow/dags/Hello_world3.py for tasks to queue
[2019-10-11 18:42:04,389] {{logging_mixin.py:95}} INFO - [2019-10-11 18:42:04,389] {{models.py:271}} INFO - Filling up the DagBag from /usr/local/airflow/dags/Hello_world3.py
[2019-10-11 18:42:04,413] {{jobs.py:1808}} INFO - DAG(s) dict_keys(['hello_world3']) retrieved from /usr/local/airflow/dags/Hello_world3.py
[2019-10-11 18:42:04,518] {{logging_mixin.py:95}} INFO - [2019-10-11 18:42:04,518] {{models.py:456}} INFO - Finding 'running' jobs without a recent heartbeat
[2019-10-11 18:42:04,521] {{logging_mixin.py:95}} INFO - [2019-10-11 18:42:04,519] {{models.py:460}} INFO - Failing jobs without heartbeat after 2019-10-11 18:37:04.519587+00:00
[2019-10-11 18:42:04,529] {{jobs.py:393}} INFO - Processing /usr/local/airflow/dags/Hello_world3.py took 0.143 seconds
[2019-10-11 18:42:15,633] {{logging_mixin.py:95}} INFO - [2019-10-11 18:42:15,633] {{settings.py:174}} INFO - setting.configure_orm(): Using pool settings. pool_size=5, pool_recycle=1800
[2019-10-11 18:42:15,637] {{jobs.py:386}} INFO - Started process (PID=452) to work on /usr/local/airflow/dags/Hello_world3.py
[2019-10-11 18:42:15,640] {{jobs.py:1796}} INFO - Processing file /usr/local/airflow/dags/Hello_world3.py for tasks to queue
[2019-10-11 18:42:15,641] {{logging_mixin.py:95}} INFO - [2019-10-11 18:42:15,641] {{models.py:271}} INFO - Filling up the DagBag from /usr/local/airflow/dags/Hello_world3.py
[2019-10-11 18:42:15,662] {{jobs.py:1808}} INFO - DAG(s) dict_keys(['hello_world3']) retrieved from /usr/local/airflow/dags/Hello_world3.py
[2019-10-11 18:42:15,785] {{logging_mixin.py:95}} INFO - [2019-10-11 18:42:15,785] {{models.py:456}} INFO - Finding 'running' jobs without a recent heartbeat
[2019-10-11 18:42:15,788] {{logging_mixin.py:95}} INFO - [2019-10-11 18:42:15,786] {{models.py:460}} INFO - Failing jobs without heartbeat after 2019-10-11 18:37:15.786231+00:00
[2019-10-11 18:42:15,796] {{jobs.py:393}} INFO - Processing /usr/local/airflow/dags/Hello_world3.py took 0.159 seconds
[2019-10-11 18:42:26,886] {{logging_mixin.py:95}} INFO - [2019-10-11 18:42:26,885] {{settings.py:174}} INFO - setting.configure_orm(): Using pool settings. pool_size=5, pool_recycle=1800
[2019-10-11 18:42:26,889] {{jobs.py:386}} INFO - Started process (PID=461) to work on /usr/local/airflow/dags/Hello_world3.py
[2019-10-11 18:42:26,891] {{jobs.py:1796}} INFO - Processing file /usr/local/airflow/dags/Hello_world3.py for tasks to queue
[2019-10-11 18:42:26,894] {{logging_mixin.py:95}} INFO - [2019-10-11 18:42:26,894] {{models.py:271}} INFO - Filling up the DagBag from /usr/local/airflow/dags/Hello_world3.py
[2019-10-11 18:42:26,919] {{jobs.py:1808}} INFO - DAG(s) dict_keys(['hello_world3']) retrieved from /usr/local/airflow/dags/Hello_world3.py
[2019-10-11 18:42:26,972] {{logging_mixin.py:95}} INFO - [2019-10-11 18:42:26,972] {{models.py:456}} INFO - Finding 'running' jobs without a recent heartbeat
[2019-10-11 18:42:26,976] {{logging_mixin.py:95}} INFO - [2019-10-11 18:42:26,973] {{models.py:460}} INFO - Failing jobs without heartbeat after 2019-10-11 18:37:26.973579+00:00
[2019-10-11 18:42:26,984] {{jobs.py:393}} INFO - Processing /usr/local/airflow/dags/Hello_world3.py took 0.095 seconds
[2019-10-11 18:42:38,117] {{logging_mixin.py:95}} INFO - [2019-10-11 18:42:38,117] {{settings.py:174}} INFO - setting.configure_orm(): Using pool settings. pool_size=5, pool_recycle=1800
[2019-10-11 18:42:38,121] {{jobs.py:386}} INFO - Started process (PID=477) to work on /usr/local/airflow/dags/Hello_world3.py
[2019-10-11 18:42:38,125] {{jobs.py:1796}} INFO - Processing file /usr/local/airflow/dags/Hello_world3.py for tasks to queue
[2019-10-11 18:42:38,126] {{logging_mixin.py:95}} INFO - [2019-10-11 18:42:38,126] {{models.py:271}} INFO - Filling up the DagBag from /usr/local/airflow/dags/Hello_world3.py
[2019-10-11 18:42:38,148] {{jobs.py:1808}} INFO - DAG(s) dict_keys(['hello_world3']) retrieved from /usr/local/airflow/dags/Hello_world3.py
[2019-10-11 18:42:38,212] {{logging_mixin.py:95}} INFO - [2019-10-11 18:42:38,212] {{models.py:456}} INFO - Finding 'running' jobs without a recent heartbeat
[2019-10-11 18:42:38,214] {{logging_mixin.py:95}} INFO - [2019-10-11 18:42:38,213] {{models.py:460}} INFO - Failing jobs without heartbeat after 2019-10-11 18:37:38.213481+00:00
[2019-10-11 18:42:38,222] {{jobs.py:393}} INFO - Processing /usr/local/airflow/dags/Hello_world3.py took 0.101 seconds
[2019-10-11 18:42:49,361] {{logging_mixin.py:95}} INFO - [2019-10-11 18:42:49,361] {{settings.py:174}} INFO - setting.configure_orm(): Using pool settings. pool_size=5, pool_recycle=1800
[2019-10-11 18:42:49,365] {{jobs.py:386}} INFO - Started process (PID=486) to work on /usr/local/airflow/dags/Hello_world3.py
[2019-10-11 18:42:49,368] {{jobs.py:1796}} INFO - Processing file /usr/local/airflow/dags/Hello_world3.py for tasks to queue
[2019-10-11 18:42:49,369] {{logging_mixin.py:95}} INFO - [2019-10-11 18:42:49,369] {{models.py:271}} INFO - Filling up the DagBag from /usr/local/airflow/dags/Hello_world3.py
[2019-10-11 18:42:49,390] {{jobs.py:1808}} INFO - DAG(s) dict_keys(['hello_world3']) retrieved from /usr/local/airflow/dags/Hello_world3.py
[2019-10-11 18:42:49,451] {{logging_mixin.py:95}} INFO - [2019-10-11 18:42:49,451] {{models.py:456}} INFO - Finding 'running' jobs without a recent heartbeat
[2019-10-11 18:42:49,453] {{logging_mixin.py:95}} INFO - [2019-10-11 18:42:49,452] {{models.py:460}} INFO - Failing jobs without heartbeat after 2019-10-11 18:37:49.452143+00:00
[2019-10-11 18:42:49,460] {{jobs.py:393}} INFO - Processing /usr/local/airflow/dags/Hello_world3.py took 0.095 seconds
[2019-10-11 18:43:00,626] {{logging_mixin.py:95}} INFO - [2019-10-11 18:43:00,626] {{settings.py:174}} INFO - setting.configure_orm(): Using pool settings. pool_size=5, pool_recycle=1800
[2019-10-11 18:43:00,630] {{jobs.py:386}} INFO - Started process (PID=500) to work on /usr/local/airflow/dags/Hello_world3.py
[2019-10-11 18:43:00,633] {{jobs.py:1796}} INFO - Processing file /usr/local/airflow/dags/Hello_world3.py for tasks to queue
[2019-10-11 18:43:00,634] {{logging_mixin.py:95}} INFO - [2019-10-11 18:43:00,634] {{models.py:271}} INFO - Filling up the DagBag from /usr/local/airflow/dags/Hello_world3.py
[2019-10-11 18:43:00,656] {{jobs.py:1808}} INFO - DAG(s) dict_keys(['hello_world3']) retrieved from /usr/local/airflow/dags/Hello_world3.py
[2019-10-11 18:43:00,748] {{logging_mixin.py:95}} INFO - [2019-10-11 18:43:00,748] {{models.py:456}} INFO - Finding 'running' jobs without a recent heartbeat
[2019-10-11 18:43:00,751] {{logging_mixin.py:95}} INFO - [2019-10-11 18:43:00,749] {{models.py:460}} INFO - Failing jobs without heartbeat after 2019-10-11 18:38:00.749466+00:00
[2019-10-11 18:43:00,759] {{jobs.py:393}} INFO - Processing /usr/local/airflow/dags/Hello_world3.py took 0.130 seconds
[2019-10-11 18:43:12,050] {{logging_mixin.py:95}} INFO - [2019-10-11 18:43:12,050] {{settings.py:174}} INFO - setting.configure_orm(): Using pool settings. pool_size=5, pool_recycle=1800
[2019-10-11 18:43:12,054] {{jobs.py:386}} INFO - Started process (PID=509) to work on /usr/local/airflow/dags/Hello_world3.py
[2019-10-11 18:43:12,056] {{jobs.py:1796}} INFO - Processing file /usr/local/airflow/dags/Hello_world3.py for tasks to queue
[2019-10-11 18:43:12,058] {{logging_mixin.py:95}} INFO - [2019-10-11 18:43:12,057] {{models.py:271}} INFO - Filling up the DagBag from /usr/local/airflow/dags/Hello_world3.py
[2019-10-11 18:43:12,079] {{jobs.py:1808}} INFO - DAG(s) dict_keys(['hello_world3']) retrieved from /usr/local/airflow/dags/Hello_world3.py
[2019-10-11 18:43:12,175] {{logging_mixin.py:95}} INFO - [2019-10-11 18:43:12,175] {{models.py:456}} INFO - Finding 'running' jobs without a recent heartbeat
[2019-10-11 18:43:12,178] {{logging_mixin.py:95}} INFO - [2019-10-11 18:43:12,177] {{models.py:460}} INFO - Failing jobs without heartbeat after 2019-10-11 18:38:12.177048+00:00
[2019-10-11 18:43:12,187] {{jobs.py:393}} INFO - Processing /usr/local/airflow/dags/Hello_world3.py took 0.133 seconds
[2019-10-11 18:43:23,273] {{logging_mixin.py:95}} INFO - [2019-10-11 18:43:23,273] {{settings.py:174}} INFO - setting.configure_orm(): Using pool settings. pool_size=5, pool_recycle=1800
[2019-10-11 18:43:23,277] {{jobs.py:386}} INFO - Started process (PID=518) to work on /usr/local/airflow/dags/Hello_world3.py
[2019-10-11 18:43:23,280] {{jobs.py:1796}} INFO - Processing file /usr/local/airflow/dags/Hello_world3.py for tasks to queue
[2019-10-11 18:43:23,281] {{logging_mixin.py:95}} INFO - [2019-10-11 18:43:23,281] {{models.py:271}} INFO - Filling up the DagBag from /usr/local/airflow/dags/Hello_world3.py
[2019-10-11 18:43:23,299] {{jobs.py:1808}} INFO - DAG(s) dict_keys(['hello_world3']) retrieved from /usr/local/airflow/dags/Hello_world3.py
[2019-10-11 18:43:23,362] {{logging_mixin.py:95}} INFO - [2019-10-11 18:43:23,362] {{models.py:456}} INFO - Finding 'running' jobs without a recent heartbeat
[2019-10-11 18:43:23,365] {{logging_mixin.py:95}} INFO - [2019-10-11 18:43:23,364] {{models.py:460}} INFO - Failing jobs without heartbeat after 2019-10-11 18:38:23.363949+00:00
[2019-10-11 18:43:23,373] {{jobs.py:393}} INFO - Processing /usr/local/airflow/dags/Hello_world3.py took 0.096 seconds
[2019-10-11 18:43:34,535] {{logging_mixin.py:95}} INFO - [2019-10-11 18:43:34,534] {{settings.py:174}} INFO - setting.configure_orm(): Using pool settings. pool_size=5, pool_recycle=1800
[2019-10-11 18:43:34,538] {{jobs.py:386}} INFO - Started process (PID=532) to work on /usr/local/airflow/dags/Hello_world3.py
[2019-10-11 18:43:34,542] {{jobs.py:1796}} INFO - Processing file /usr/local/airflow/dags/Hello_world3.py for tasks to queue
[2019-10-11 18:43:34,543] {{logging_mixin.py:95}} INFO - [2019-10-11 18:43:34,543] {{models.py:271}} INFO - Filling up the DagBag from /usr/local/airflow/dags/Hello_world3.py
[2019-10-11 18:43:34,561] {{jobs.py:1808}} INFO - DAG(s) dict_keys(['hello_world3']) retrieved from /usr/local/airflow/dags/Hello_world3.py
[2019-10-11 18:43:34,622] {{logging_mixin.py:95}} INFO - [2019-10-11 18:43:34,622] {{models.py:456}} INFO - Finding 'running' jobs without a recent heartbeat
[2019-10-11 18:43:34,625] {{logging_mixin.py:95}} INFO - [2019-10-11 18:43:34,623] {{models.py:460}} INFO - Failing jobs without heartbeat after 2019-10-11 18:38:34.623624+00:00
[2019-10-11 18:43:34,633] {{jobs.py:393}} INFO - Processing /usr/local/airflow/dags/Hello_world3.py took 0.094 seconds
[2019-10-11 18:43:45,707] {{logging_mixin.py:95}} INFO - [2019-10-11 18:43:45,707] {{settings.py:174}} INFO - setting.configure_orm(): Using pool settings. pool_size=5, pool_recycle=1800
[2019-10-11 18:43:45,711] {{jobs.py:386}} INFO - Started process (PID=541) to work on /usr/local/airflow/dags/Hello_world3.py
[2019-10-11 18:43:45,714] {{jobs.py:1796}} INFO - Processing file /usr/local/airflow/dags/Hello_world3.py for tasks to queue
[2019-10-11 18:43:45,715] {{logging_mixin.py:95}} INFO - [2019-10-11 18:43:45,715] {{models.py:271}} INFO - Filling up the DagBag from /usr/local/airflow/dags/Hello_world3.py
[2019-10-11 18:43:45,749] {{jobs.py:1808}} INFO - DAG(s) dict_keys(['hello_world3']) retrieved from /usr/local/airflow/dags/Hello_world3.py
[2019-10-11 18:43:45,802] {{logging_mixin.py:95}} INFO - [2019-10-11 18:43:45,802] {{models.py:456}} INFO - Finding 'running' jobs without a recent heartbeat
[2019-10-11 18:43:45,804] {{logging_mixin.py:95}} INFO - [2019-10-11 18:43:45,803] {{models.py:460}} INFO - Failing jobs without heartbeat after 2019-10-11 18:38:45.803378+00:00
[2019-10-11 18:43:45,812] {{jobs.py:393}} INFO - Processing /usr/local/airflow/dags/Hello_world3.py took 0.101 seconds
[2019-10-11 18:43:57,054] {{logging_mixin.py:95}} INFO - [2019-10-11 18:43:57,053] {{settings.py:174}} INFO - setting.configure_orm(): Using pool settings. pool_size=5, pool_recycle=1800
[2019-10-11 18:43:57,057] {{jobs.py:386}} INFO - Started process (PID=550) to work on /usr/local/airflow/dags/Hello_world3.py
[2019-10-11 18:43:57,060] {{jobs.py:1796}} INFO - Processing file /usr/local/airflow/dags/Hello_world3.py for tasks to queue
[2019-10-11 18:43:57,061] {{logging_mixin.py:95}} INFO - [2019-10-11 18:43:57,061] {{models.py:271}} INFO - Filling up the DagBag from /usr/local/airflow/dags/Hello_world3.py
[2019-10-11 18:43:57,080] {{jobs.py:1808}} INFO - DAG(s) dict_keys(['hello_world3']) retrieved from /usr/local/airflow/dags/Hello_world3.py
[2019-10-11 18:43:57,172] {{logging_mixin.py:95}} INFO - [2019-10-11 18:43:57,172] {{models.py:456}} INFO - Finding 'running' jobs without a recent heartbeat
[2019-10-11 18:43:57,174] {{logging_mixin.py:95}} INFO - [2019-10-11 18:43:57,172] {{models.py:460}} INFO - Failing jobs without heartbeat after 2019-10-11 18:38:57.172926+00:00
[2019-10-11 18:43:57,182] {{jobs.py:393}} INFO - Processing /usr/local/airflow/dags/Hello_world3.py took 0.124 seconds
