[2019-10-11 18:35:52,259] {{logging_mixin.py:95}} INFO - [2019-10-11 18:35:52,259] {{settings.py:174}} INFO - setting.configure_orm(): Using pool settings. pool_size=5, pool_recycle=1800
[2019-10-11 18:35:52,266] {{jobs.py:386}} INFO - Started process (PID=68) to work on /usr/local/airflow/dags/Hello_world2.py
[2019-10-11 18:35:52,277] {{jobs.py:1796}} INFO - Processing file /usr/local/airflow/dags/Hello_world2.py for tasks to queue
[2019-10-11 18:35:52,277] {{logging_mixin.py:95}} INFO - [2019-10-11 18:35:52,277] {{models.py:271}} INFO - Filling up the DagBag from /usr/local/airflow/dags/Hello_world2.py
[2019-10-11 18:35:52,295] {{jobs.py:1808}} INFO - DAG(s) dict_keys(['hello_world2']) retrieved from /usr/local/airflow/dags/Hello_world2.py
[2019-10-11 18:35:52,359] {{logging_mixin.py:95}} INFO - [2019-10-11 18:35:52,359] {{models.py:456}} INFO - Finding 'running' jobs without a recent heartbeat
[2019-10-11 18:35:52,361] {{logging_mixin.py:95}} INFO - [2019-10-11 18:35:52,359] {{models.py:460}} INFO - Failing jobs without heartbeat after 2019-10-11 18:30:52.359546+00:00
[2019-10-11 18:35:52,376] {{jobs.py:393}} INFO - Processing /usr/local/airflow/dags/Hello_world2.py took 0.110 seconds
[2019-10-11 18:36:03,424] {{logging_mixin.py:95}} INFO - [2019-10-11 18:36:03,423] {{settings.py:174}} INFO - setting.configure_orm(): Using pool settings. pool_size=5, pool_recycle=1800
[2019-10-11 18:36:03,428] {{jobs.py:386}} INFO - Started process (PID=94) to work on /usr/local/airflow/dags/Hello_world2.py
[2019-10-11 18:36:03,436] {{jobs.py:1796}} INFO - Processing file /usr/local/airflow/dags/Hello_world2.py for tasks to queue
[2019-10-11 18:36:03,438] {{logging_mixin.py:95}} INFO - [2019-10-11 18:36:03,438] {{models.py:271}} INFO - Filling up the DagBag from /usr/local/airflow/dags/Hello_world2.py
[2019-10-11 18:36:03,468] {{jobs.py:1808}} INFO - DAG(s) dict_keys(['hello_world2']) retrieved from /usr/local/airflow/dags/Hello_world2.py
[2019-10-11 18:36:03,548] {{logging_mixin.py:95}} INFO - [2019-10-11 18:36:03,547] {{models.py:456}} INFO - Finding 'running' jobs without a recent heartbeat
[2019-10-11 18:36:03,550] {{logging_mixin.py:95}} INFO - [2019-10-11 18:36:03,548] {{models.py:460}} INFO - Failing jobs without heartbeat after 2019-10-11 18:31:03.548799+00:00
[2019-10-11 18:36:03,558] {{jobs.py:393}} INFO - Processing /usr/local/airflow/dags/Hello_world2.py took 0.129 seconds
[2019-10-11 18:36:14,828] {{logging_mixin.py:95}} INFO - [2019-10-11 18:36:14,827] {{settings.py:174}} INFO - setting.configure_orm(): Using pool settings. pool_size=5, pool_recycle=1800
[2019-10-11 18:36:14,833] {{jobs.py:386}} INFO - Started process (PID=103) to work on /usr/local/airflow/dags/Hello_world2.py
[2019-10-11 18:36:14,836] {{jobs.py:1796}} INFO - Processing file /usr/local/airflow/dags/Hello_world2.py for tasks to queue
[2019-10-11 18:36:14,837] {{logging_mixin.py:95}} INFO - [2019-10-11 18:36:14,837] {{models.py:271}} INFO - Filling up the DagBag from /usr/local/airflow/dags/Hello_world2.py
[2019-10-11 18:36:14,856] {{jobs.py:1808}} INFO - DAG(s) dict_keys(['hello_world2']) retrieved from /usr/local/airflow/dags/Hello_world2.py
[2019-10-11 18:36:14,959] {{logging_mixin.py:95}} INFO - [2019-10-11 18:36:14,959] {{models.py:456}} INFO - Finding 'running' jobs without a recent heartbeat
[2019-10-11 18:36:14,962] {{logging_mixin.py:95}} INFO - [2019-10-11 18:36:14,960] {{models.py:460}} INFO - Failing jobs without heartbeat after 2019-10-11 18:31:14.960042+00:00
[2019-10-11 18:36:14,969] {{jobs.py:393}} INFO - Processing /usr/local/airflow/dags/Hello_world2.py took 0.136 seconds
[2019-10-11 18:36:26,057] {{logging_mixin.py:95}} INFO - [2019-10-11 18:36:26,057] {{settings.py:174}} INFO - setting.configure_orm(): Using pool settings. pool_size=5, pool_recycle=1800
[2019-10-11 18:36:26,061] {{jobs.py:386}} INFO - Started process (PID=122) to work on /usr/local/airflow/dags/Hello_world2.py
[2019-10-11 18:36:26,064] {{jobs.py:1796}} INFO - Processing file /usr/local/airflow/dags/Hello_world2.py for tasks to queue
[2019-10-11 18:36:26,066] {{logging_mixin.py:95}} INFO - [2019-10-11 18:36:26,066] {{models.py:271}} INFO - Filling up the DagBag from /usr/local/airflow/dags/Hello_world2.py
[2019-10-11 18:36:26,095] {{jobs.py:1808}} INFO - DAG(s) dict_keys(['hello_world2']) retrieved from /usr/local/airflow/dags/Hello_world2.py
[2019-10-11 18:36:26,176] {{logging_mixin.py:95}} INFO - [2019-10-11 18:36:26,176] {{models.py:456}} INFO - Finding 'running' jobs without a recent heartbeat
[2019-10-11 18:36:26,178] {{logging_mixin.py:95}} INFO - [2019-10-11 18:36:26,176] {{models.py:460}} INFO - Failing jobs without heartbeat after 2019-10-11 18:31:26.176939+00:00
[2019-10-11 18:36:26,185] {{jobs.py:393}} INFO - Processing /usr/local/airflow/dags/Hello_world2.py took 0.124 seconds
[2019-10-11 18:36:37,316] {{logging_mixin.py:95}} INFO - [2019-10-11 18:36:37,316] {{settings.py:174}} INFO - setting.configure_orm(): Using pool settings. pool_size=5, pool_recycle=1800
[2019-10-11 18:36:37,321] {{jobs.py:386}} INFO - Started process (PID=131) to work on /usr/local/airflow/dags/Hello_world2.py
[2019-10-11 18:36:37,325] {{jobs.py:1796}} INFO - Processing file /usr/local/airflow/dags/Hello_world2.py for tasks to queue
[2019-10-11 18:36:37,328] {{logging_mixin.py:95}} INFO - [2019-10-11 18:36:37,328] {{models.py:271}} INFO - Filling up the DagBag from /usr/local/airflow/dags/Hello_world2.py
[2019-10-11 18:36:37,364] {{jobs.py:1808}} INFO - DAG(s) dict_keys(['hello_world2']) retrieved from /usr/local/airflow/dags/Hello_world2.py
[2019-10-11 18:36:37,472] {{logging_mixin.py:95}} INFO - [2019-10-11 18:36:37,472] {{models.py:456}} INFO - Finding 'running' jobs without a recent heartbeat
[2019-10-11 18:36:37,475] {{logging_mixin.py:95}} INFO - [2019-10-11 18:36:37,473] {{models.py:460}} INFO - Failing jobs without heartbeat after 2019-10-11 18:31:37.473628+00:00
[2019-10-11 18:36:37,481] {{jobs.py:393}} INFO - Processing /usr/local/airflow/dags/Hello_world2.py took 0.161 seconds
[2019-10-11 18:36:48,627] {{logging_mixin.py:95}} INFO - [2019-10-11 18:36:48,626] {{settings.py:174}} INFO - setting.configure_orm(): Using pool settings. pool_size=5, pool_recycle=1800
[2019-10-11 18:36:48,631] {{jobs.py:386}} INFO - Started process (PID=140) to work on /usr/local/airflow/dags/Hello_world2.py
[2019-10-11 18:36:48,636] {{jobs.py:1796}} INFO - Processing file /usr/local/airflow/dags/Hello_world2.py for tasks to queue
[2019-10-11 18:36:48,637] {{logging_mixin.py:95}} INFO - [2019-10-11 18:36:48,637] {{models.py:271}} INFO - Filling up the DagBag from /usr/local/airflow/dags/Hello_world2.py
[2019-10-11 18:36:48,667] {{jobs.py:1808}} INFO - DAG(s) dict_keys(['hello_world2']) retrieved from /usr/local/airflow/dags/Hello_world2.py
[2019-10-11 18:36:48,731] {{logging_mixin.py:95}} INFO - [2019-10-11 18:36:48,731] {{models.py:456}} INFO - Finding 'running' jobs without a recent heartbeat
[2019-10-11 18:36:48,734] {{logging_mixin.py:95}} INFO - [2019-10-11 18:36:48,732] {{models.py:460}} INFO - Failing jobs without heartbeat after 2019-10-11 18:31:48.732413+00:00
[2019-10-11 18:36:48,742] {{jobs.py:393}} INFO - Processing /usr/local/airflow/dags/Hello_world2.py took 0.111 seconds
[2019-10-11 18:36:59,904] {{logging_mixin.py:95}} INFO - [2019-10-11 18:36:59,904] {{settings.py:174}} INFO - setting.configure_orm(): Using pool settings. pool_size=5, pool_recycle=1800
[2019-10-11 18:36:59,909] {{jobs.py:386}} INFO - Started process (PID=154) to work on /usr/local/airflow/dags/Hello_world2.py
[2019-10-11 18:36:59,914] {{jobs.py:1796}} INFO - Processing file /usr/local/airflow/dags/Hello_world2.py for tasks to queue
[2019-10-11 18:36:59,914] {{logging_mixin.py:95}} INFO - [2019-10-11 18:36:59,914] {{models.py:271}} INFO - Filling up the DagBag from /usr/local/airflow/dags/Hello_world2.py
[2019-10-11 18:36:59,942] {{jobs.py:1808}} INFO - DAG(s) dict_keys(['hello_world2']) retrieved from /usr/local/airflow/dags/Hello_world2.py
[2019-10-11 18:37:00,009] {{logging_mixin.py:95}} INFO - [2019-10-11 18:37:00,001] {{models.py:456}} INFO - Finding 'running' jobs without a recent heartbeat
[2019-10-11 18:37:00,017] {{logging_mixin.py:95}} INFO - [2019-10-11 18:37:00,010] {{models.py:460}} INFO - Failing jobs without heartbeat after 2019-10-11 18:32:00.010256+00:00
[2019-10-11 18:37:00,029] {{jobs.py:393}} INFO - Processing /usr/local/airflow/dags/Hello_world2.py took 0.120 seconds
[2019-10-11 18:37:11,102] {{logging_mixin.py:95}} INFO - [2019-10-11 18:37:11,102] {{settings.py:174}} INFO - setting.configure_orm(): Using pool settings. pool_size=5, pool_recycle=1800
[2019-10-11 18:37:11,112] {{jobs.py:386}} INFO - Started process (PID=163) to work on /usr/local/airflow/dags/Hello_world2.py
[2019-10-11 18:37:11,120] {{jobs.py:1796}} INFO - Processing file /usr/local/airflow/dags/Hello_world2.py for tasks to queue
[2019-10-11 18:37:11,126] {{logging_mixin.py:95}} INFO - [2019-10-11 18:37:11,126] {{models.py:271}} INFO - Filling up the DagBag from /usr/local/airflow/dags/Hello_world2.py
[2019-10-11 18:37:11,152] {{jobs.py:1808}} INFO - DAG(s) dict_keys(['hello_world2']) retrieved from /usr/local/airflow/dags/Hello_world2.py
[2019-10-11 18:37:11,217] {{logging_mixin.py:95}} INFO - [2019-10-11 18:37:11,217] {{models.py:456}} INFO - Finding 'running' jobs without a recent heartbeat
[2019-10-11 18:37:11,219] {{logging_mixin.py:95}} INFO - [2019-10-11 18:37:11,218] {{models.py:460}} INFO - Failing jobs without heartbeat after 2019-10-11 18:32:11.218192+00:00
[2019-10-11 18:37:11,227] {{jobs.py:393}} INFO - Processing /usr/local/airflow/dags/Hello_world2.py took 0.115 seconds
[2019-10-11 18:37:22,446] {{logging_mixin.py:95}} INFO - [2019-10-11 18:37:22,445] {{settings.py:174}} INFO - setting.configure_orm(): Using pool settings. pool_size=5, pool_recycle=1800
[2019-10-11 18:37:22,450] {{jobs.py:386}} INFO - Started process (PID=171) to work on /usr/local/airflow/dags/Hello_world2.py
[2019-10-11 18:37:22,457] {{jobs.py:1796}} INFO - Processing file /usr/local/airflow/dags/Hello_world2.py for tasks to queue
[2019-10-11 18:37:22,458] {{logging_mixin.py:95}} INFO - [2019-10-11 18:37:22,458] {{models.py:271}} INFO - Filling up the DagBag from /usr/local/airflow/dags/Hello_world2.py
[2019-10-11 18:37:22,548] {{jobs.py:1808}} INFO - DAG(s) dict_keys(['hello_world2']) retrieved from /usr/local/airflow/dags/Hello_world2.py
[2019-10-11 18:37:22,664] {{logging_mixin.py:95}} INFO - [2019-10-11 18:37:22,664] {{models.py:456}} INFO - Finding 'running' jobs without a recent heartbeat
[2019-10-11 18:37:22,666] {{logging_mixin.py:95}} INFO - [2019-10-11 18:37:22,665] {{models.py:460}} INFO - Failing jobs without heartbeat after 2019-10-11 18:32:22.665207+00:00
[2019-10-11 18:37:22,691] {{jobs.py:393}} INFO - Processing /usr/local/airflow/dags/Hello_world2.py took 0.241 seconds
[2019-10-11 18:37:33,687] {{logging_mixin.py:95}} INFO - [2019-10-11 18:37:33,686] {{settings.py:174}} INFO - setting.configure_orm(): Using pool settings. pool_size=5, pool_recycle=1800
[2019-10-11 18:37:33,691] {{jobs.py:386}} INFO - Started process (PID=184) to work on /usr/local/airflow/dags/Hello_world2.py
[2019-10-11 18:37:33,694] {{jobs.py:1796}} INFO - Processing file /usr/local/airflow/dags/Hello_world2.py for tasks to queue
[2019-10-11 18:37:33,695] {{logging_mixin.py:95}} INFO - [2019-10-11 18:37:33,695] {{models.py:271}} INFO - Filling up the DagBag from /usr/local/airflow/dags/Hello_world2.py
[2019-10-11 18:37:33,726] {{jobs.py:1808}} INFO - DAG(s) dict_keys(['hello_world2']) retrieved from /usr/local/airflow/dags/Hello_world2.py
[2019-10-11 18:37:33,795] {{logging_mixin.py:95}} INFO - [2019-10-11 18:37:33,795] {{models.py:456}} INFO - Finding 'running' jobs without a recent heartbeat
[2019-10-11 18:37:33,798] {{logging_mixin.py:95}} INFO - [2019-10-11 18:37:33,796] {{models.py:460}} INFO - Failing jobs without heartbeat after 2019-10-11 18:32:33.796471+00:00
[2019-10-11 18:37:33,813] {{jobs.py:393}} INFO - Processing /usr/local/airflow/dags/Hello_world2.py took 0.122 seconds
[2019-10-11 18:37:45,228] {{logging_mixin.py:95}} INFO - [2019-10-11 18:37:45,227] {{settings.py:174}} INFO - setting.configure_orm(): Using pool settings. pool_size=5, pool_recycle=1800
[2019-10-11 18:37:45,233] {{jobs.py:386}} INFO - Started process (PID=193) to work on /usr/local/airflow/dags/Hello_world2.py
[2019-10-11 18:37:45,236] {{jobs.py:1796}} INFO - Processing file /usr/local/airflow/dags/Hello_world2.py for tasks to queue
[2019-10-11 18:37:45,236] {{logging_mixin.py:95}} INFO - [2019-10-11 18:37:45,236] {{models.py:271}} INFO - Filling up the DagBag from /usr/local/airflow/dags/Hello_world2.py
[2019-10-11 18:37:45,269] {{jobs.py:1808}} INFO - DAG(s) dict_keys(['hello_world2']) retrieved from /usr/local/airflow/dags/Hello_world2.py
[2019-10-11 18:37:45,375] {{logging_mixin.py:95}} INFO - [2019-10-11 18:37:45,375] {{models.py:456}} INFO - Finding 'running' jobs without a recent heartbeat
[2019-10-11 18:37:45,377] {{logging_mixin.py:95}} INFO - [2019-10-11 18:37:45,376] {{models.py:460}} INFO - Failing jobs without heartbeat after 2019-10-11 18:32:45.376036+00:00
[2019-10-11 18:37:45,388] {{jobs.py:393}} INFO - Processing /usr/local/airflow/dags/Hello_world2.py took 0.155 seconds
[2019-10-11 18:37:56,553] {{logging_mixin.py:95}} INFO - [2019-10-11 18:37:56,552] {{settings.py:174}} INFO - setting.configure_orm(): Using pool settings. pool_size=5, pool_recycle=1800
[2019-10-11 18:37:56,559] {{jobs.py:386}} INFO - Started process (PID=207) to work on /usr/local/airflow/dags/Hello_world2.py
[2019-10-11 18:37:56,565] {{jobs.py:1796}} INFO - Processing file /usr/local/airflow/dags/Hello_world2.py for tasks to queue
[2019-10-11 18:37:56,573] {{logging_mixin.py:95}} INFO - [2019-10-11 18:37:56,573] {{models.py:271}} INFO - Filling up the DagBag from /usr/local/airflow/dags/Hello_world2.py
[2019-10-11 18:37:56,612] {{jobs.py:1808}} INFO - DAG(s) dict_keys(['hello_world2']) retrieved from /usr/local/airflow/dags/Hello_world2.py
[2019-10-11 18:37:56,758] {{logging_mixin.py:95}} INFO - [2019-10-11 18:37:56,758] {{models.py:456}} INFO - Finding 'running' jobs without a recent heartbeat
[2019-10-11 18:37:56,762] {{logging_mixin.py:95}} INFO - [2019-10-11 18:37:56,760] {{models.py:460}} INFO - Failing jobs without heartbeat after 2019-10-11 18:32:56.760493+00:00
[2019-10-11 18:37:56,774] {{jobs.py:393}} INFO - Processing /usr/local/airflow/dags/Hello_world2.py took 0.215 seconds
[2019-10-11 18:38:07,740] {{logging_mixin.py:95}} INFO - [2019-10-11 18:38:07,739] {{settings.py:174}} INFO - setting.configure_orm(): Using pool settings. pool_size=5, pool_recycle=1800
[2019-10-11 18:38:07,747] {{jobs.py:386}} INFO - Started process (PID=216) to work on /usr/local/airflow/dags/Hello_world2.py
[2019-10-11 18:38:07,751] {{jobs.py:1796}} INFO - Processing file /usr/local/airflow/dags/Hello_world2.py for tasks to queue
[2019-10-11 18:38:07,754] {{logging_mixin.py:95}} INFO - [2019-10-11 18:38:07,754] {{models.py:271}} INFO - Filling up the DagBag from /usr/local/airflow/dags/Hello_world2.py
[2019-10-11 18:38:07,814] {{jobs.py:1808}} INFO - DAG(s) dict_keys(['hello_world2']) retrieved from /usr/local/airflow/dags/Hello_world2.py
[2019-10-11 18:38:07,989] {{logging_mixin.py:95}} INFO - [2019-10-11 18:38:07,989] {{models.py:456}} INFO - Finding 'running' jobs without a recent heartbeat
[2019-10-11 18:38:07,999] {{logging_mixin.py:95}} INFO - [2019-10-11 18:38:07,998] {{models.py:460}} INFO - Failing jobs without heartbeat after 2019-10-11 18:33:07.997983+00:00
[2019-10-11 18:38:08,006] {{jobs.py:393}} INFO - Processing /usr/local/airflow/dags/Hello_world2.py took 0.259 seconds
[2019-10-11 18:38:19,003] {{logging_mixin.py:95}} INFO - [2019-10-11 18:38:19,002] {{settings.py:174}} INFO - setting.configure_orm(): Using pool settings. pool_size=5, pool_recycle=1800
[2019-10-11 18:38:19,007] {{jobs.py:386}} INFO - Started process (PID=225) to work on /usr/local/airflow/dags/Hello_world2.py
[2019-10-11 18:38:19,010] {{jobs.py:1796}} INFO - Processing file /usr/local/airflow/dags/Hello_world2.py for tasks to queue
[2019-10-11 18:38:19,016] {{logging_mixin.py:95}} INFO - [2019-10-11 18:38:19,016] {{models.py:271}} INFO - Filling up the DagBag from /usr/local/airflow/dags/Hello_world2.py
[2019-10-11 18:38:19,064] {{jobs.py:1808}} INFO - DAG(s) dict_keys(['hello_world2']) retrieved from /usr/local/airflow/dags/Hello_world2.py
[2019-10-11 18:38:19,241] {{logging_mixin.py:95}} INFO - [2019-10-11 18:38:19,241] {{models.py:456}} INFO - Finding 'running' jobs without a recent heartbeat
[2019-10-11 18:38:19,248] {{logging_mixin.py:95}} INFO - [2019-10-11 18:38:19,246] {{models.py:460}} INFO - Failing jobs without heartbeat after 2019-10-11 18:33:19.246553+00:00
[2019-10-11 18:38:19,255] {{jobs.py:393}} INFO - Processing /usr/local/airflow/dags/Hello_world2.py took 0.248 seconds
[2019-10-11 18:38:30,240] {{logging_mixin.py:95}} INFO - [2019-10-11 18:38:30,240] {{settings.py:174}} INFO - setting.configure_orm(): Using pool settings. pool_size=5, pool_recycle=1800
[2019-10-11 18:38:30,243] {{jobs.py:386}} INFO - Started process (PID=239) to work on /usr/local/airflow/dags/Hello_world2.py
[2019-10-11 18:38:30,246] {{jobs.py:1796}} INFO - Processing file /usr/local/airflow/dags/Hello_world2.py for tasks to queue
[2019-10-11 18:38:30,247] {{logging_mixin.py:95}} INFO - [2019-10-11 18:38:30,247] {{models.py:271}} INFO - Filling up the DagBag from /usr/local/airflow/dags/Hello_world2.py
[2019-10-11 18:38:30,275] {{jobs.py:1808}} INFO - DAG(s) dict_keys(['hello_world2']) retrieved from /usr/local/airflow/dags/Hello_world2.py
[2019-10-11 18:38:30,376] {{logging_mixin.py:95}} INFO - [2019-10-11 18:38:30,376] {{models.py:456}} INFO - Finding 'running' jobs without a recent heartbeat
[2019-10-11 18:38:30,380] {{logging_mixin.py:95}} INFO - [2019-10-11 18:38:30,378] {{models.py:460}} INFO - Failing jobs without heartbeat after 2019-10-11 18:33:30.378817+00:00
[2019-10-11 18:38:30,401] {{jobs.py:393}} INFO - Processing /usr/local/airflow/dags/Hello_world2.py took 0.158 seconds
[2019-10-11 18:38:41,538] {{logging_mixin.py:95}} INFO - [2019-10-11 18:38:41,538] {{settings.py:174}} INFO - setting.configure_orm(): Using pool settings. pool_size=5, pool_recycle=1800
[2019-10-11 18:38:41,543] {{jobs.py:386}} INFO - Started process (PID=248) to work on /usr/local/airflow/dags/Hello_world2.py
[2019-10-11 18:38:41,546] {{jobs.py:1796}} INFO - Processing file /usr/local/airflow/dags/Hello_world2.py for tasks to queue
[2019-10-11 18:38:41,547] {{logging_mixin.py:95}} INFO - [2019-10-11 18:38:41,547] {{models.py:271}} INFO - Filling up the DagBag from /usr/local/airflow/dags/Hello_world2.py
[2019-10-11 18:38:41,569] {{jobs.py:1808}} INFO - DAG(s) dict_keys(['hello_world2']) retrieved from /usr/local/airflow/dags/Hello_world2.py
[2019-10-11 18:38:41,652] {{logging_mixin.py:95}} INFO - [2019-10-11 18:38:41,652] {{models.py:456}} INFO - Finding 'running' jobs without a recent heartbeat
[2019-10-11 18:38:41,655] {{logging_mixin.py:95}} INFO - [2019-10-11 18:38:41,653] {{models.py:460}} INFO - Failing jobs without heartbeat after 2019-10-11 18:33:41.653546+00:00
[2019-10-11 18:38:41,681] {{jobs.py:393}} INFO - Processing /usr/local/airflow/dags/Hello_world2.py took 0.138 seconds
[2019-10-11 18:38:52,817] {{logging_mixin.py:95}} INFO - [2019-10-11 18:38:52,817] {{settings.py:174}} INFO - setting.configure_orm(): Using pool settings. pool_size=5, pool_recycle=1800
[2019-10-11 18:38:52,823] {{jobs.py:386}} INFO - Started process (PID=257) to work on /usr/local/airflow/dags/Hello_world2.py
[2019-10-11 18:38:52,826] {{jobs.py:1796}} INFO - Processing file /usr/local/airflow/dags/Hello_world2.py for tasks to queue
[2019-10-11 18:38:52,828] {{logging_mixin.py:95}} INFO - [2019-10-11 18:38:52,828] {{models.py:271}} INFO - Filling up the DagBag from /usr/local/airflow/dags/Hello_world2.py
[2019-10-11 18:38:52,908] {{jobs.py:1808}} INFO - DAG(s) dict_keys(['hello_world2']) retrieved from /usr/local/airflow/dags/Hello_world2.py
[2019-10-11 18:38:53,067] {{logging_mixin.py:95}} INFO - [2019-10-11 18:38:53,067] {{models.py:456}} INFO - Finding 'running' jobs without a recent heartbeat
[2019-10-11 18:38:53,077] {{logging_mixin.py:95}} INFO - [2019-10-11 18:38:53,072] {{models.py:460}} INFO - Failing jobs without heartbeat after 2019-10-11 18:33:53.072710+00:00
[2019-10-11 18:38:53,089] {{jobs.py:393}} INFO - Processing /usr/local/airflow/dags/Hello_world2.py took 0.265 seconds
[2019-10-11 18:39:04,058] {{logging_mixin.py:95}} INFO - [2019-10-11 18:39:04,054] {{settings.py:174}} INFO - setting.configure_orm(): Using pool settings. pool_size=5, pool_recycle=1800
[2019-10-11 18:39:04,063] {{jobs.py:386}} INFO - Started process (PID=271) to work on /usr/local/airflow/dags/Hello_world2.py
[2019-10-11 18:39:04,066] {{jobs.py:1796}} INFO - Processing file /usr/local/airflow/dags/Hello_world2.py for tasks to queue
[2019-10-11 18:39:04,067] {{logging_mixin.py:95}} INFO - [2019-10-11 18:39:04,067] {{models.py:271}} INFO - Filling up the DagBag from /usr/local/airflow/dags/Hello_world2.py
[2019-10-11 18:39:04,113] {{jobs.py:1808}} INFO - DAG(s) dict_keys(['hello_world2']) retrieved from /usr/local/airflow/dags/Hello_world2.py
[2019-10-11 18:39:04,216] {{logging_mixin.py:95}} INFO - [2019-10-11 18:39:04,215] {{models.py:456}} INFO - Finding 'running' jobs without a recent heartbeat
[2019-10-11 18:39:04,218] {{logging_mixin.py:95}} INFO - [2019-10-11 18:39:04,217] {{models.py:460}} INFO - Failing jobs without heartbeat after 2019-10-11 18:34:04.217243+00:00
[2019-10-11 18:39:04,227] {{jobs.py:393}} INFO - Processing /usr/local/airflow/dags/Hello_world2.py took 0.164 seconds
[2019-10-11 18:39:15,305] {{logging_mixin.py:95}} INFO - [2019-10-11 18:39:15,305] {{settings.py:174}} INFO - setting.configure_orm(): Using pool settings. pool_size=5, pool_recycle=1800
[2019-10-11 18:39:15,313] {{jobs.py:386}} INFO - Started process (PID=280) to work on /usr/local/airflow/dags/Hello_world2.py
[2019-10-11 18:39:15,327] {{jobs.py:1796}} INFO - Processing file /usr/local/airflow/dags/Hello_world2.py for tasks to queue
[2019-10-11 18:39:15,328] {{logging_mixin.py:95}} INFO - [2019-10-11 18:39:15,328] {{models.py:271}} INFO - Filling up the DagBag from /usr/local/airflow/dags/Hello_world2.py
[2019-10-11 18:39:15,389] {{jobs.py:1808}} INFO - DAG(s) dict_keys(['hello_world2']) retrieved from /usr/local/airflow/dags/Hello_world2.py
[2019-10-11 18:39:15,517] {{logging_mixin.py:95}} INFO - [2019-10-11 18:39:15,516] {{models.py:456}} INFO - Finding 'running' jobs without a recent heartbeat
[2019-10-11 18:39:15,519] {{logging_mixin.py:95}} INFO - [2019-10-11 18:39:15,517] {{models.py:460}} INFO - Failing jobs without heartbeat after 2019-10-11 18:34:15.517732+00:00
[2019-10-11 18:39:15,526] {{jobs.py:393}} INFO - Processing /usr/local/airflow/dags/Hello_world2.py took 0.213 seconds
[2019-10-11 18:39:26,484] {{logging_mixin.py:95}} INFO - [2019-10-11 18:39:26,484] {{settings.py:174}} INFO - setting.configure_orm(): Using pool settings. pool_size=5, pool_recycle=1800
[2019-10-11 18:39:26,487] {{jobs.py:386}} INFO - Started process (PID=294) to work on /usr/local/airflow/dags/Hello_world2.py
[2019-10-11 18:39:26,492] {{jobs.py:1796}} INFO - Processing file /usr/local/airflow/dags/Hello_world2.py for tasks to queue
[2019-10-11 18:39:26,493] {{logging_mixin.py:95}} INFO - [2019-10-11 18:39:26,492] {{models.py:271}} INFO - Filling up the DagBag from /usr/local/airflow/dags/Hello_world2.py
[2019-10-11 18:39:26,514] {{jobs.py:1808}} INFO - DAG(s) dict_keys(['hello_world2']) retrieved from /usr/local/airflow/dags/Hello_world2.py
[2019-10-11 18:39:26,615] {{logging_mixin.py:95}} INFO - [2019-10-11 18:39:26,615] {{models.py:456}} INFO - Finding 'running' jobs without a recent heartbeat
[2019-10-11 18:39:26,618] {{logging_mixin.py:95}} INFO - [2019-10-11 18:39:26,617] {{models.py:460}} INFO - Failing jobs without heartbeat after 2019-10-11 18:34:26.617014+00:00
[2019-10-11 18:39:26,645] {{jobs.py:393}} INFO - Processing /usr/local/airflow/dags/Hello_world2.py took 0.157 seconds
[2019-10-11 18:39:37,820] {{logging_mixin.py:95}} INFO - [2019-10-11 18:39:37,820] {{settings.py:174}} INFO - setting.configure_orm(): Using pool settings. pool_size=5, pool_recycle=1800
[2019-10-11 18:39:37,827] {{jobs.py:386}} INFO - Started process (PID=303) to work on /usr/local/airflow/dags/Hello_world2.py
[2019-10-11 18:39:37,830] {{jobs.py:1796}} INFO - Processing file /usr/local/airflow/dags/Hello_world2.py for tasks to queue
[2019-10-11 18:39:37,831] {{logging_mixin.py:95}} INFO - [2019-10-11 18:39:37,831] {{models.py:271}} INFO - Filling up the DagBag from /usr/local/airflow/dags/Hello_world2.py
[2019-10-11 18:39:37,853] {{jobs.py:1808}} INFO - DAG(s) dict_keys(['hello_world2']) retrieved from /usr/local/airflow/dags/Hello_world2.py
[2019-10-11 18:39:37,919] {{logging_mixin.py:95}} INFO - [2019-10-11 18:39:37,919] {{models.py:456}} INFO - Finding 'running' jobs without a recent heartbeat
[2019-10-11 18:39:37,923] {{logging_mixin.py:95}} INFO - [2019-10-11 18:39:37,919] {{models.py:460}} INFO - Failing jobs without heartbeat after 2019-10-11 18:34:37.919870+00:00
[2019-10-11 18:39:37,941] {{jobs.py:393}} INFO - Processing /usr/local/airflow/dags/Hello_world2.py took 0.114 seconds
[2019-10-11 18:39:49,021] {{logging_mixin.py:95}} INFO - [2019-10-11 18:39:49,021] {{settings.py:174}} INFO - setting.configure_orm(): Using pool settings. pool_size=5, pool_recycle=1800
[2019-10-11 18:39:49,025] {{jobs.py:386}} INFO - Started process (PID=312) to work on /usr/local/airflow/dags/Hello_world2.py
[2019-10-11 18:39:49,028] {{jobs.py:1796}} INFO - Processing file /usr/local/airflow/dags/Hello_world2.py for tasks to queue
[2019-10-11 18:39:49,029] {{logging_mixin.py:95}} INFO - [2019-10-11 18:39:49,029] {{models.py:271}} INFO - Filling up the DagBag from /usr/local/airflow/dags/Hello_world2.py
[2019-10-11 18:39:49,055] {{jobs.py:1808}} INFO - DAG(s) dict_keys(['hello_world2']) retrieved from /usr/local/airflow/dags/Hello_world2.py
[2019-10-11 18:39:49,144] {{logging_mixin.py:95}} INFO - [2019-10-11 18:39:49,144] {{models.py:456}} INFO - Finding 'running' jobs without a recent heartbeat
[2019-10-11 18:39:49,150] {{logging_mixin.py:95}} INFO - [2019-10-11 18:39:49,148] {{models.py:460}} INFO - Failing jobs without heartbeat after 2019-10-11 18:34:49.148497+00:00
[2019-10-11 18:39:49,180] {{jobs.py:393}} INFO - Processing /usr/local/airflow/dags/Hello_world2.py took 0.155 seconds
[2019-10-11 18:40:00,349] {{logging_mixin.py:95}} INFO - [2019-10-11 18:40:00,349] {{settings.py:174}} INFO - setting.configure_orm(): Using pool settings. pool_size=5, pool_recycle=1800
[2019-10-11 18:40:00,358] {{jobs.py:386}} INFO - Started process (PID=327) to work on /usr/local/airflow/dags/Hello_world2.py
[2019-10-11 18:40:00,363] {{jobs.py:1796}} INFO - Processing file /usr/local/airflow/dags/Hello_world2.py for tasks to queue
[2019-10-11 18:40:00,364] {{logging_mixin.py:95}} INFO - [2019-10-11 18:40:00,364] {{models.py:271}} INFO - Filling up the DagBag from /usr/local/airflow/dags/Hello_world2.py
[2019-10-11 18:40:00,416] {{jobs.py:1808}} INFO - DAG(s) dict_keys(['hello_world2']) retrieved from /usr/local/airflow/dags/Hello_world2.py
[2019-10-11 18:40:00,494] {{logging_mixin.py:95}} INFO - [2019-10-11 18:40:00,494] {{models.py:456}} INFO - Finding 'running' jobs without a recent heartbeat
[2019-10-11 18:40:00,499] {{logging_mixin.py:95}} INFO - [2019-10-11 18:40:00,497] {{models.py:460}} INFO - Failing jobs without heartbeat after 2019-10-11 18:35:00.497309+00:00
[2019-10-11 18:40:00,521] {{jobs.py:393}} INFO - Processing /usr/local/airflow/dags/Hello_world2.py took 0.163 seconds
[2019-10-11 18:40:11,571] {{logging_mixin.py:95}} INFO - [2019-10-11 18:40:11,571] {{settings.py:174}} INFO - setting.configure_orm(): Using pool settings. pool_size=5, pool_recycle=1800
[2019-10-11 18:40:11,579] {{jobs.py:386}} INFO - Started process (PID=336) to work on /usr/local/airflow/dags/Hello_world2.py
[2019-10-11 18:40:11,582] {{jobs.py:1796}} INFO - Processing file /usr/local/airflow/dags/Hello_world2.py for tasks to queue
[2019-10-11 18:40:11,584] {{logging_mixin.py:95}} INFO - [2019-10-11 18:40:11,584] {{models.py:271}} INFO - Filling up the DagBag from /usr/local/airflow/dags/Hello_world2.py
[2019-10-11 18:40:11,617] {{jobs.py:1808}} INFO - DAG(s) dict_keys(['hello_world2']) retrieved from /usr/local/airflow/dags/Hello_world2.py
[2019-10-11 18:40:11,860] {{logging_mixin.py:95}} INFO - [2019-10-11 18:40:11,860] {{models.py:456}} INFO - Finding 'running' jobs without a recent heartbeat
[2019-10-11 18:40:11,863] {{logging_mixin.py:95}} INFO - [2019-10-11 18:40:11,861] {{models.py:460}} INFO - Failing jobs without heartbeat after 2019-10-11 18:35:11.861764+00:00
[2019-10-11 18:40:11,880] {{jobs.py:393}} INFO - Processing /usr/local/airflow/dags/Hello_world2.py took 0.301 seconds
[2019-10-11 18:40:22,832] {{logging_mixin.py:95}} INFO - [2019-10-11 18:40:22,831] {{settings.py:174}} INFO - setting.configure_orm(): Using pool settings. pool_size=5, pool_recycle=1800
[2019-10-11 18:40:22,835] {{jobs.py:386}} INFO - Started process (PID=345) to work on /usr/local/airflow/dags/Hello_world2.py
[2019-10-11 18:40:22,839] {{jobs.py:1796}} INFO - Processing file /usr/local/airflow/dags/Hello_world2.py for tasks to queue
[2019-10-11 18:40:22,840] {{logging_mixin.py:95}} INFO - [2019-10-11 18:40:22,840] {{models.py:271}} INFO - Filling up the DagBag from /usr/local/airflow/dags/Hello_world2.py
[2019-10-11 18:40:22,875] {{jobs.py:1808}} INFO - DAG(s) dict_keys(['hello_world2']) retrieved from /usr/local/airflow/dags/Hello_world2.py
[2019-10-11 18:40:23,036] {{logging_mixin.py:95}} INFO - [2019-10-11 18:40:23,036] {{models.py:456}} INFO - Finding 'running' jobs without a recent heartbeat
[2019-10-11 18:40:23,041] {{logging_mixin.py:95}} INFO - [2019-10-11 18:40:23,037] {{models.py:460}} INFO - Failing jobs without heartbeat after 2019-10-11 18:35:23.037711+00:00
[2019-10-11 18:40:23,048] {{jobs.py:393}} INFO - Processing /usr/local/airflow/dags/Hello_world2.py took 0.213 seconds
[2019-10-11 18:40:34,238] {{logging_mixin.py:95}} INFO - [2019-10-11 18:40:34,238] {{settings.py:174}} INFO - setting.configure_orm(): Using pool settings. pool_size=5, pool_recycle=1800
[2019-10-11 18:40:34,250] {{jobs.py:386}} INFO - Started process (PID=359) to work on /usr/local/airflow/dags/Hello_world2.py
[2019-10-11 18:40:34,254] {{jobs.py:1796}} INFO - Processing file /usr/local/airflow/dags/Hello_world2.py for tasks to queue
[2019-10-11 18:40:34,255] {{logging_mixin.py:95}} INFO - [2019-10-11 18:40:34,255] {{models.py:271}} INFO - Filling up the DagBag from /usr/local/airflow/dags/Hello_world2.py
[2019-10-11 18:40:34,290] {{jobs.py:1808}} INFO - DAG(s) dict_keys(['hello_world2']) retrieved from /usr/local/airflow/dags/Hello_world2.py
[2019-10-11 18:40:34,383] {{logging_mixin.py:95}} INFO - [2019-10-11 18:40:34,381] {{models.py:456}} INFO - Finding 'running' jobs without a recent heartbeat
[2019-10-11 18:40:34,400] {{logging_mixin.py:95}} INFO - [2019-10-11 18:40:34,396] {{models.py:460}} INFO - Failing jobs without heartbeat after 2019-10-11 18:35:34.396035+00:00
[2019-10-11 18:40:34,412] {{jobs.py:393}} INFO - Processing /usr/local/airflow/dags/Hello_world2.py took 0.162 seconds
[2019-10-11 18:40:45,574] {{logging_mixin.py:95}} INFO - [2019-10-11 18:40:45,573] {{settings.py:174}} INFO - setting.configure_orm(): Using pool settings. pool_size=5, pool_recycle=1800
[2019-10-11 18:40:45,577] {{jobs.py:386}} INFO - Started process (PID=368) to work on /usr/local/airflow/dags/Hello_world2.py
[2019-10-11 18:40:45,580] {{jobs.py:1796}} INFO - Processing file /usr/local/airflow/dags/Hello_world2.py for tasks to queue
[2019-10-11 18:40:45,586] {{logging_mixin.py:95}} INFO - [2019-10-11 18:40:45,586] {{models.py:271}} INFO - Filling up the DagBag from /usr/local/airflow/dags/Hello_world2.py
[2019-10-11 18:40:45,624] {{jobs.py:1808}} INFO - DAG(s) dict_keys(['hello_world2']) retrieved from /usr/local/airflow/dags/Hello_world2.py
[2019-10-11 18:40:45,727] {{logging_mixin.py:95}} INFO - [2019-10-11 18:40:45,727] {{models.py:456}} INFO - Finding 'running' jobs without a recent heartbeat
[2019-10-11 18:40:45,730] {{logging_mixin.py:95}} INFO - [2019-10-11 18:40:45,728] {{models.py:460}} INFO - Failing jobs without heartbeat after 2019-10-11 18:35:45.728445+00:00
[2019-10-11 18:40:45,774] {{jobs.py:393}} INFO - Processing /usr/local/airflow/dags/Hello_world2.py took 0.196 seconds
[2019-10-11 18:40:57,314] {{logging_mixin.py:95}} INFO - [2019-10-11 18:40:57,314] {{settings.py:174}} INFO - setting.configure_orm(): Using pool settings. pool_size=5, pool_recycle=1800
[2019-10-11 18:40:57,318] {{jobs.py:386}} INFO - Started process (PID=382) to work on /usr/local/airflow/dags/Hello_world2.py
[2019-10-11 18:40:57,321] {{jobs.py:1796}} INFO - Processing file /usr/local/airflow/dags/Hello_world2.py for tasks to queue
[2019-10-11 18:40:57,322] {{logging_mixin.py:95}} INFO - [2019-10-11 18:40:57,322] {{models.py:271}} INFO - Filling up the DagBag from /usr/local/airflow/dags/Hello_world2.py
[2019-10-11 18:40:57,346] {{jobs.py:1808}} INFO - DAG(s) dict_keys(['hello_world2']) retrieved from /usr/local/airflow/dags/Hello_world2.py
[2019-10-11 18:40:57,742] {{logging_mixin.py:95}} INFO - [2019-10-11 18:40:57,742] {{models.py:456}} INFO - Finding 'running' jobs without a recent heartbeat
[2019-10-11 18:40:57,744] {{logging_mixin.py:95}} INFO - [2019-10-11 18:40:57,742] {{models.py:460}} INFO - Failing jobs without heartbeat after 2019-10-11 18:35:57.742759+00:00
[2019-10-11 18:40:57,754] {{jobs.py:393}} INFO - Processing /usr/local/airflow/dags/Hello_world2.py took 0.436 seconds
[2019-10-11 18:41:08,935] {{logging_mixin.py:95}} INFO - [2019-10-11 18:41:08,935] {{settings.py:174}} INFO - setting.configure_orm(): Using pool settings. pool_size=5, pool_recycle=1800
[2019-10-11 18:41:08,939] {{jobs.py:386}} INFO - Started process (PID=391) to work on /usr/local/airflow/dags/Hello_world2.py
[2019-10-11 18:41:08,942] {{jobs.py:1796}} INFO - Processing file /usr/local/airflow/dags/Hello_world2.py for tasks to queue
[2019-10-11 18:41:08,944] {{logging_mixin.py:95}} INFO - [2019-10-11 18:41:08,944] {{models.py:271}} INFO - Filling up the DagBag from /usr/local/airflow/dags/Hello_world2.py
[2019-10-11 18:41:08,976] {{jobs.py:1808}} INFO - DAG(s) dict_keys(['hello_world2']) retrieved from /usr/local/airflow/dags/Hello_world2.py
[2019-10-11 18:41:09,052] {{logging_mixin.py:95}} INFO - [2019-10-11 18:41:09,052] {{models.py:456}} INFO - Finding 'running' jobs without a recent heartbeat
[2019-10-11 18:41:09,055] {{logging_mixin.py:95}} INFO - [2019-10-11 18:41:09,053] {{models.py:460}} INFO - Failing jobs without heartbeat after 2019-10-11 18:36:09.053279+00:00
[2019-10-11 18:41:09,071] {{jobs.py:393}} INFO - Processing /usr/local/airflow/dags/Hello_world2.py took 0.132 seconds
[2019-10-11 18:41:20,147] {{logging_mixin.py:95}} INFO - [2019-10-11 18:41:20,147] {{settings.py:174}} INFO - setting.configure_orm(): Using pool settings. pool_size=5, pool_recycle=1800
[2019-10-11 18:41:20,150] {{jobs.py:386}} INFO - Started process (PID=400) to work on /usr/local/airflow/dags/Hello_world2.py
[2019-10-11 18:41:20,153] {{jobs.py:1796}} INFO - Processing file /usr/local/airflow/dags/Hello_world2.py for tasks to queue
[2019-10-11 18:41:20,154] {{logging_mixin.py:95}} INFO - [2019-10-11 18:41:20,154] {{models.py:271}} INFO - Filling up the DagBag from /usr/local/airflow/dags/Hello_world2.py
[2019-10-11 18:41:20,188] {{jobs.py:1808}} INFO - DAG(s) dict_keys(['hello_world2']) retrieved from /usr/local/airflow/dags/Hello_world2.py
[2019-10-11 18:41:20,263] {{logging_mixin.py:95}} INFO - [2019-10-11 18:41:20,263] {{models.py:456}} INFO - Finding 'running' jobs without a recent heartbeat
[2019-10-11 18:41:20,267] {{logging_mixin.py:95}} INFO - [2019-10-11 18:41:20,265] {{models.py:460}} INFO - Failing jobs without heartbeat after 2019-10-11 18:36:20.265739+00:00
[2019-10-11 18:41:20,291] {{jobs.py:393}} INFO - Processing /usr/local/airflow/dags/Hello_world2.py took 0.141 seconds
[2019-10-11 18:41:31,633] {{logging_mixin.py:95}} INFO - [2019-10-11 18:41:31,633] {{settings.py:174}} INFO - setting.configure_orm(): Using pool settings. pool_size=5, pool_recycle=1800
[2019-10-11 18:41:31,636] {{jobs.py:386}} INFO - Started process (PID=414) to work on /usr/local/airflow/dags/Hello_world2.py
[2019-10-11 18:41:31,639] {{jobs.py:1796}} INFO - Processing file /usr/local/airflow/dags/Hello_world2.py for tasks to queue
[2019-10-11 18:41:31,640] {{logging_mixin.py:95}} INFO - [2019-10-11 18:41:31,640] {{models.py:271}} INFO - Filling up the DagBag from /usr/local/airflow/dags/Hello_world2.py
[2019-10-11 18:41:31,676] {{jobs.py:1808}} INFO - DAG(s) dict_keys(['hello_world2']) retrieved from /usr/local/airflow/dags/Hello_world2.py
[2019-10-11 18:41:31,787] {{logging_mixin.py:95}} INFO - [2019-10-11 18:41:31,787] {{models.py:456}} INFO - Finding 'running' jobs without a recent heartbeat
[2019-10-11 18:41:31,789] {{logging_mixin.py:95}} INFO - [2019-10-11 18:41:31,787] {{models.py:460}} INFO - Failing jobs without heartbeat after 2019-10-11 18:36:31.787700+00:00
[2019-10-11 18:41:31,801] {{jobs.py:393}} INFO - Processing /usr/local/airflow/dags/Hello_world2.py took 0.164 seconds
[2019-10-11 18:41:42,902] {{logging_mixin.py:95}} INFO - [2019-10-11 18:41:42,901] {{settings.py:174}} INFO - setting.configure_orm(): Using pool settings. pool_size=5, pool_recycle=1800
[2019-10-11 18:41:42,905] {{jobs.py:386}} INFO - Started process (PID=423) to work on /usr/local/airflow/dags/Hello_world2.py
[2019-10-11 18:41:42,910] {{jobs.py:1796}} INFO - Processing file /usr/local/airflow/dags/Hello_world2.py for tasks to queue
[2019-10-11 18:41:42,912] {{logging_mixin.py:95}} INFO - [2019-10-11 18:41:42,911] {{models.py:271}} INFO - Filling up the DagBag from /usr/local/airflow/dags/Hello_world2.py
[2019-10-11 18:41:42,936] {{jobs.py:1808}} INFO - DAG(s) dict_keys(['hello_world2']) retrieved from /usr/local/airflow/dags/Hello_world2.py
[2019-10-11 18:41:43,034] {{logging_mixin.py:95}} INFO - [2019-10-11 18:41:43,034] {{models.py:456}} INFO - Finding 'running' jobs without a recent heartbeat
[2019-10-11 18:41:43,042] {{logging_mixin.py:95}} INFO - [2019-10-11 18:41:43,035] {{models.py:460}} INFO - Failing jobs without heartbeat after 2019-10-11 18:36:43.035192+00:00
[2019-10-11 18:41:43,057] {{jobs.py:393}} INFO - Processing /usr/local/airflow/dags/Hello_world2.py took 0.151 seconds
[2019-10-11 18:41:54,161] {{logging_mixin.py:95}} INFO - [2019-10-11 18:41:54,161] {{settings.py:174}} INFO - setting.configure_orm(): Using pool settings. pool_size=5, pool_recycle=1800
[2019-10-11 18:41:54,165] {{jobs.py:386}} INFO - Started process (PID=432) to work on /usr/local/airflow/dags/Hello_world2.py
[2019-10-11 18:41:54,169] {{jobs.py:1796}} INFO - Processing file /usr/local/airflow/dags/Hello_world2.py for tasks to queue
[2019-10-11 18:41:54,170] {{logging_mixin.py:95}} INFO - [2019-10-11 18:41:54,170] {{models.py:271}} INFO - Filling up the DagBag from /usr/local/airflow/dags/Hello_world2.py
[2019-10-11 18:41:54,195] {{jobs.py:1808}} INFO - DAG(s) dict_keys(['hello_world2']) retrieved from /usr/local/airflow/dags/Hello_world2.py
[2019-10-11 18:41:54,251] {{logging_mixin.py:95}} INFO - [2019-10-11 18:41:54,251] {{models.py:456}} INFO - Finding 'running' jobs without a recent heartbeat
[2019-10-11 18:41:54,255] {{logging_mixin.py:95}} INFO - [2019-10-11 18:41:54,253] {{models.py:460}} INFO - Failing jobs without heartbeat after 2019-10-11 18:36:54.253466+00:00
[2019-10-11 18:41:54,271] {{jobs.py:393}} INFO - Processing /usr/local/airflow/dags/Hello_world2.py took 0.105 seconds
[2019-10-11 18:42:05,395] {{logging_mixin.py:95}} INFO - [2019-10-11 18:42:05,395] {{settings.py:174}} INFO - setting.configure_orm(): Using pool settings. pool_size=5, pool_recycle=1800
[2019-10-11 18:42:05,398] {{jobs.py:386}} INFO - Started process (PID=446) to work on /usr/local/airflow/dags/Hello_world2.py
[2019-10-11 18:42:05,401] {{jobs.py:1796}} INFO - Processing file /usr/local/airflow/dags/Hello_world2.py for tasks to queue
[2019-10-11 18:42:05,403] {{logging_mixin.py:95}} INFO - [2019-10-11 18:42:05,402] {{models.py:271}} INFO - Filling up the DagBag from /usr/local/airflow/dags/Hello_world2.py
[2019-10-11 18:42:05,435] {{jobs.py:1808}} INFO - DAG(s) dict_keys(['hello_world2']) retrieved from /usr/local/airflow/dags/Hello_world2.py
[2019-10-11 18:42:05,495] {{logging_mixin.py:95}} INFO - [2019-10-11 18:42:05,495] {{models.py:456}} INFO - Finding 'running' jobs without a recent heartbeat
[2019-10-11 18:42:05,497] {{logging_mixin.py:95}} INFO - [2019-10-11 18:42:05,495] {{models.py:460}} INFO - Failing jobs without heartbeat after 2019-10-11 18:37:05.495832+00:00
[2019-10-11 18:42:05,511] {{jobs.py:393}} INFO - Processing /usr/local/airflow/dags/Hello_world2.py took 0.112 seconds
[2019-10-11 18:42:16,680] {{logging_mixin.py:95}} INFO - [2019-10-11 18:42:16,679] {{settings.py:174}} INFO - setting.configure_orm(): Using pool settings. pool_size=5, pool_recycle=1800
[2019-10-11 18:42:16,684] {{jobs.py:386}} INFO - Started process (PID=455) to work on /usr/local/airflow/dags/Hello_world2.py
[2019-10-11 18:42:16,687] {{jobs.py:1796}} INFO - Processing file /usr/local/airflow/dags/Hello_world2.py for tasks to queue
[2019-10-11 18:42:16,689] {{logging_mixin.py:95}} INFO - [2019-10-11 18:42:16,689] {{models.py:271}} INFO - Filling up the DagBag from /usr/local/airflow/dags/Hello_world2.py
[2019-10-11 18:42:16,717] {{jobs.py:1808}} INFO - DAG(s) dict_keys(['hello_world2']) retrieved from /usr/local/airflow/dags/Hello_world2.py
[2019-10-11 18:42:16,799] {{logging_mixin.py:95}} INFO - [2019-10-11 18:42:16,799] {{models.py:456}} INFO - Finding 'running' jobs without a recent heartbeat
[2019-10-11 18:42:16,803] {{logging_mixin.py:95}} INFO - [2019-10-11 18:42:16,800] {{models.py:460}} INFO - Failing jobs without heartbeat after 2019-10-11 18:37:16.800581+00:00
[2019-10-11 18:42:16,827] {{jobs.py:393}} INFO - Processing /usr/local/airflow/dags/Hello_world2.py took 0.143 seconds
[2019-10-11 18:42:27,977] {{logging_mixin.py:95}} INFO - [2019-10-11 18:42:27,977] {{settings.py:174}} INFO - setting.configure_orm(): Using pool settings. pool_size=5, pool_recycle=1800
[2019-10-11 18:42:27,981] {{jobs.py:386}} INFO - Started process (PID=471) to work on /usr/local/airflow/dags/Hello_world2.py
[2019-10-11 18:42:27,985] {{jobs.py:1796}} INFO - Processing file /usr/local/airflow/dags/Hello_world2.py for tasks to queue
[2019-10-11 18:42:27,987] {{logging_mixin.py:95}} INFO - [2019-10-11 18:42:27,986] {{models.py:271}} INFO - Filling up the DagBag from /usr/local/airflow/dags/Hello_world2.py
[2019-10-11 18:42:28,028] {{jobs.py:1808}} INFO - DAG(s) dict_keys(['hello_world2']) retrieved from /usr/local/airflow/dags/Hello_world2.py
[2019-10-11 18:42:28,093] {{logging_mixin.py:95}} INFO - [2019-10-11 18:42:28,093] {{models.py:456}} INFO - Finding 'running' jobs without a recent heartbeat
[2019-10-11 18:42:28,095] {{logging_mixin.py:95}} INFO - [2019-10-11 18:42:28,094] {{models.py:460}} INFO - Failing jobs without heartbeat after 2019-10-11 18:37:28.094009+00:00
[2019-10-11 18:42:28,111] {{jobs.py:393}} INFO - Processing /usr/local/airflow/dags/Hello_world2.py took 0.129 seconds
[2019-10-11 18:42:39,137] {{logging_mixin.py:95}} INFO - [2019-10-11 18:42:39,137] {{settings.py:174}} INFO - setting.configure_orm(): Using pool settings. pool_size=5, pool_recycle=1800
[2019-10-11 18:42:39,141] {{jobs.py:386}} INFO - Started process (PID=480) to work on /usr/local/airflow/dags/Hello_world2.py
[2019-10-11 18:42:39,145] {{jobs.py:1796}} INFO - Processing file /usr/local/airflow/dags/Hello_world2.py for tasks to queue
[2019-10-11 18:42:39,146] {{logging_mixin.py:95}} INFO - [2019-10-11 18:42:39,146] {{models.py:271}} INFO - Filling up the DagBag from /usr/local/airflow/dags/Hello_world2.py
[2019-10-11 18:42:39,178] {{jobs.py:1808}} INFO - DAG(s) dict_keys(['hello_world2']) retrieved from /usr/local/airflow/dags/Hello_world2.py
[2019-10-11 18:42:39,272] {{logging_mixin.py:95}} INFO - [2019-10-11 18:42:39,272] {{models.py:456}} INFO - Finding 'running' jobs without a recent heartbeat
[2019-10-11 18:42:39,274] {{logging_mixin.py:95}} INFO - [2019-10-11 18:42:39,273] {{models.py:460}} INFO - Failing jobs without heartbeat after 2019-10-11 18:37:39.273422+00:00
[2019-10-11 18:42:39,290] {{jobs.py:393}} INFO - Processing /usr/local/airflow/dags/Hello_world2.py took 0.149 seconds
[2019-10-11 18:42:50,381] {{logging_mixin.py:95}} INFO - [2019-10-11 18:42:50,381] {{settings.py:174}} INFO - setting.configure_orm(): Using pool settings. pool_size=5, pool_recycle=1800
[2019-10-11 18:42:50,398] {{jobs.py:386}} INFO - Started process (PID=489) to work on /usr/local/airflow/dags/Hello_world2.py
[2019-10-11 18:42:50,402] {{jobs.py:1796}} INFO - Processing file /usr/local/airflow/dags/Hello_world2.py for tasks to queue
[2019-10-11 18:42:50,403] {{logging_mixin.py:95}} INFO - [2019-10-11 18:42:50,403] {{models.py:271}} INFO - Filling up the DagBag from /usr/local/airflow/dags/Hello_world2.py
[2019-10-11 18:42:50,460] {{jobs.py:1808}} INFO - DAG(s) dict_keys(['hello_world2']) retrieved from /usr/local/airflow/dags/Hello_world2.py
[2019-10-11 18:42:50,542] {{logging_mixin.py:95}} INFO - [2019-10-11 18:42:50,542] {{models.py:456}} INFO - Finding 'running' jobs without a recent heartbeat
[2019-10-11 18:42:50,544] {{logging_mixin.py:95}} INFO - [2019-10-11 18:42:50,542] {{models.py:460}} INFO - Failing jobs without heartbeat after 2019-10-11 18:37:50.542817+00:00
[2019-10-11 18:42:50,551] {{jobs.py:393}} INFO - Processing /usr/local/airflow/dags/Hello_world2.py took 0.153 seconds
[2019-10-11 18:43:01,644] {{logging_mixin.py:95}} INFO - [2019-10-11 18:43:01,643] {{settings.py:174}} INFO - setting.configure_orm(): Using pool settings. pool_size=5, pool_recycle=1800
[2019-10-11 18:43:01,649] {{jobs.py:386}} INFO - Started process (PID=503) to work on /usr/local/airflow/dags/Hello_world2.py
[2019-10-11 18:43:01,653] {{jobs.py:1796}} INFO - Processing file /usr/local/airflow/dags/Hello_world2.py for tasks to queue
[2019-10-11 18:43:01,654] {{logging_mixin.py:95}} INFO - [2019-10-11 18:43:01,654] {{models.py:271}} INFO - Filling up the DagBag from /usr/local/airflow/dags/Hello_world2.py
[2019-10-11 18:43:01,684] {{jobs.py:1808}} INFO - DAG(s) dict_keys(['hello_world2']) retrieved from /usr/local/airflow/dags/Hello_world2.py
[2019-10-11 18:43:01,782] {{logging_mixin.py:95}} INFO - [2019-10-11 18:43:01,782] {{models.py:456}} INFO - Finding 'running' jobs without a recent heartbeat
[2019-10-11 18:43:01,784] {{logging_mixin.py:95}} INFO - [2019-10-11 18:43:01,783] {{models.py:460}} INFO - Failing jobs without heartbeat after 2019-10-11 18:38:01.783233+00:00
[2019-10-11 18:43:01,801] {{jobs.py:393}} INFO - Processing /usr/local/airflow/dags/Hello_world2.py took 0.152 seconds
[2019-10-11 18:43:13,074] {{logging_mixin.py:95}} INFO - [2019-10-11 18:43:13,074] {{settings.py:174}} INFO - setting.configure_orm(): Using pool settings. pool_size=5, pool_recycle=1800
[2019-10-11 18:43:13,077] {{jobs.py:386}} INFO - Started process (PID=512) to work on /usr/local/airflow/dags/Hello_world2.py
[2019-10-11 18:43:13,081] {{jobs.py:1796}} INFO - Processing file /usr/local/airflow/dags/Hello_world2.py for tasks to queue
[2019-10-11 18:43:13,081] {{logging_mixin.py:95}} INFO - [2019-10-11 18:43:13,081] {{models.py:271}} INFO - Filling up the DagBag from /usr/local/airflow/dags/Hello_world2.py
[2019-10-11 18:43:13,115] {{jobs.py:1808}} INFO - DAG(s) dict_keys(['hello_world2']) retrieved from /usr/local/airflow/dags/Hello_world2.py
[2019-10-11 18:43:13,182] {{logging_mixin.py:95}} INFO - [2019-10-11 18:43:13,182] {{models.py:456}} INFO - Finding 'running' jobs without a recent heartbeat
[2019-10-11 18:43:13,185] {{logging_mixin.py:95}} INFO - [2019-10-11 18:43:13,183] {{models.py:460}} INFO - Failing jobs without heartbeat after 2019-10-11 18:38:13.183812+00:00
[2019-10-11 18:43:13,201] {{jobs.py:393}} INFO - Processing /usr/local/airflow/dags/Hello_world2.py took 0.124 seconds
[2019-10-11 18:43:24,367] {{logging_mixin.py:95}} INFO - [2019-10-11 18:43:24,367] {{settings.py:174}} INFO - setting.configure_orm(): Using pool settings. pool_size=5, pool_recycle=1800
[2019-10-11 18:43:24,373] {{jobs.py:386}} INFO - Started process (PID=521) to work on /usr/local/airflow/dags/Hello_world2.py
[2019-10-11 18:43:24,377] {{jobs.py:1796}} INFO - Processing file /usr/local/airflow/dags/Hello_world2.py for tasks to queue
[2019-10-11 18:43:24,378] {{logging_mixin.py:95}} INFO - [2019-10-11 18:43:24,378] {{models.py:271}} INFO - Filling up the DagBag from /usr/local/airflow/dags/Hello_world2.py
[2019-10-11 18:43:24,409] {{jobs.py:1808}} INFO - DAG(s) dict_keys(['hello_world2']) retrieved from /usr/local/airflow/dags/Hello_world2.py
[2019-10-11 18:43:24,523] {{logging_mixin.py:95}} INFO - [2019-10-11 18:43:24,523] {{models.py:456}} INFO - Finding 'running' jobs without a recent heartbeat
[2019-10-11 18:43:24,530] {{logging_mixin.py:95}} INFO - [2019-10-11 18:43:24,528] {{models.py:460}} INFO - Failing jobs without heartbeat after 2019-10-11 18:38:24.527992+00:00
[2019-10-11 18:43:24,537] {{jobs.py:393}} INFO - Processing /usr/local/airflow/dags/Hello_world2.py took 0.163 seconds
[2019-10-11 18:43:35,561] {{logging_mixin.py:95}} INFO - [2019-10-11 18:43:35,561] {{settings.py:174}} INFO - setting.configure_orm(): Using pool settings. pool_size=5, pool_recycle=1800
[2019-10-11 18:43:35,565] {{jobs.py:386}} INFO - Started process (PID=535) to work on /usr/local/airflow/dags/Hello_world2.py
[2019-10-11 18:43:35,568] {{jobs.py:1796}} INFO - Processing file /usr/local/airflow/dags/Hello_world2.py for tasks to queue
[2019-10-11 18:43:35,578] {{logging_mixin.py:95}} INFO - [2019-10-11 18:43:35,578] {{models.py:271}} INFO - Filling up the DagBag from /usr/local/airflow/dags/Hello_world2.py
[2019-10-11 18:43:35,604] {{jobs.py:1808}} INFO - DAG(s) dict_keys(['hello_world2']) retrieved from /usr/local/airflow/dags/Hello_world2.py
[2019-10-11 18:43:35,676] {{logging_mixin.py:95}} INFO - [2019-10-11 18:43:35,676] {{models.py:456}} INFO - Finding 'running' jobs without a recent heartbeat
[2019-10-11 18:43:35,680] {{logging_mixin.py:95}} INFO - [2019-10-11 18:43:35,676] {{models.py:460}} INFO - Failing jobs without heartbeat after 2019-10-11 18:38:35.676886+00:00
[2019-10-11 18:43:35,701] {{jobs.py:393}} INFO - Processing /usr/local/airflow/dags/Hello_world2.py took 0.136 seconds
[2019-10-11 18:43:46,724] {{logging_mixin.py:95}} INFO - [2019-10-11 18:43:46,724] {{settings.py:174}} INFO - setting.configure_orm(): Using pool settings. pool_size=5, pool_recycle=1800
[2019-10-11 18:43:46,729] {{jobs.py:386}} INFO - Started process (PID=544) to work on /usr/local/airflow/dags/Hello_world2.py
[2019-10-11 18:43:46,731] {{jobs.py:1796}} INFO - Processing file /usr/local/airflow/dags/Hello_world2.py for tasks to queue
[2019-10-11 18:43:46,732] {{logging_mixin.py:95}} INFO - [2019-10-11 18:43:46,732] {{models.py:271}} INFO - Filling up the DagBag from /usr/local/airflow/dags/Hello_world2.py
[2019-10-11 18:43:46,776] {{jobs.py:1808}} INFO - DAG(s) dict_keys(['hello_world2']) retrieved from /usr/local/airflow/dags/Hello_world2.py
[2019-10-11 18:43:46,854] {{logging_mixin.py:95}} INFO - [2019-10-11 18:43:46,854] {{models.py:456}} INFO - Finding 'running' jobs without a recent heartbeat
[2019-10-11 18:43:46,859] {{logging_mixin.py:95}} INFO - [2019-10-11 18:43:46,857] {{models.py:460}} INFO - Failing jobs without heartbeat after 2019-10-11 18:38:46.856773+00:00
[2019-10-11 18:43:46,877] {{jobs.py:393}} INFO - Processing /usr/local/airflow/dags/Hello_world2.py took 0.149 seconds
[2019-10-11 18:43:58,098] {{logging_mixin.py:95}} INFO - [2019-10-11 18:43:58,097] {{settings.py:174}} INFO - setting.configure_orm(): Using pool settings. pool_size=5, pool_recycle=1800
[2019-10-11 18:43:58,101] {{jobs.py:386}} INFO - Started process (PID=558) to work on /usr/local/airflow/dags/Hello_world2.py
[2019-10-11 18:43:58,104] {{jobs.py:1796}} INFO - Processing file /usr/local/airflow/dags/Hello_world2.py for tasks to queue
[2019-10-11 18:43:58,105] {{logging_mixin.py:95}} INFO - [2019-10-11 18:43:58,105] {{models.py:271}} INFO - Filling up the DagBag from /usr/local/airflow/dags/Hello_world2.py
[2019-10-11 18:43:58,138] {{jobs.py:1808}} INFO - DAG(s) dict_keys(['hello_world2']) retrieved from /usr/local/airflow/dags/Hello_world2.py
[2019-10-11 18:43:58,196] {{logging_mixin.py:95}} INFO - [2019-10-11 18:43:58,195] {{models.py:456}} INFO - Finding 'running' jobs without a recent heartbeat
[2019-10-11 18:43:58,199] {{logging_mixin.py:95}} INFO - [2019-10-11 18:43:58,197] {{models.py:460}} INFO - Failing jobs without heartbeat after 2019-10-11 18:38:58.197819+00:00
[2019-10-11 18:43:58,221] {{jobs.py:393}} INFO - Processing /usr/local/airflow/dags/Hello_world2.py took 0.119 seconds
