[2019-10-08 18:11:10,432] {{models.py:1361}} INFO - Dependencies all met for <TaskInstance: housing_price_prediction_training.training_data_processing 2019-10-08T17:43:32.113975+00:00 [queued]>
[2019-10-08 18:11:10,459] {{models.py:1361}} INFO - Dependencies all met for <TaskInstance: housing_price_prediction_training.training_data_processing 2019-10-08T17:43:32.113975+00:00 [queued]>
[2019-10-08 18:11:10,459] {{models.py:1573}} INFO - 
--------------------------------------------------------------------------------
Starting attempt 9 of 10
--------------------------------------------------------------------------------

[2019-10-08 18:11:10,501] {{models.py:1595}} INFO - Executing <Task(PythonOperator): training_data_processing> on 2019-10-08T17:43:32.113975+00:00
[2019-10-08 18:11:10,501] {{base_task_runner.py:118}} INFO - Running: ['bash', '-c', 'airflow run housing_price_prediction_training training_data_processing 2019-10-08T17:43:32.113975+00:00 --job_id 12 --raw -sd DAGS_FOLDER/housing_price_prediction_training.py --cfg_path /tmp/tmpkcfw9j3g']
[2019-10-08 18:11:11,129] {{base_task_runner.py:101}} INFO - Job 12: Subtask training_data_processing [2019-10-08 18:11:11,129] {{settings.py:174}} INFO - setting.configure_orm(): Using pool settings. pool_size=5, pool_recycle=1800
[2019-10-08 18:11:11,371] {{base_task_runner.py:101}} INFO - Job 12: Subtask training_data_processing [2019-10-08 18:11:11,371] {{__init__.py:51}} INFO - Using executor LocalExecutor
[2019-10-08 18:11:11,842] {{base_task_runner.py:101}} INFO - Job 12: Subtask training_data_processing [2019-10-08 18:11:11,841] {{models.py:271}} INFO - Filling up the DagBag from /usr/local/airflow/dags/housing_price_prediction_training.py
[2019-10-08 18:11:11,913] {{base_task_runner.py:101}} INFO - Job 12: Subtask training_data_processing [2019-10-08 18:11:11,913] {{cli.py:484}} INFO - Running <TaskInstance: housing_price_prediction_training.training_data_processing 2019-10-08T17:43:32.113975+00:00 [running]> on host 63734ffeb1b4
[2019-10-08 18:11:11,991] {{logging_mixin.py:95}} INFO - <!DOCTYPE HTML PUBLIC "-//W3C//DTD HTML 3.2 Final//EN">
<title>404 Not Found</title>
<h1>Not Found</h1>
<p>The requested URL was not found on the server.  If you entered the URL manually please check your spelling and try again.</p>
[2019-10-08 18:11:11,993] {{logging_mixin.py:95}} INFO - 
[2019-10-08 18:11:11,994] {{logging_mixin.py:95}} INFO - http://192.168.0.102:5001/check/<!DOCTYPE HTML PUBLIC "-//W3C//DTD HTML 3.2 Final//EN">
<title>404 Not Found</title>
<h1>Not Found</h1>
<p>The requested URL was not found on the server.  If you entered the URL manually please check your spelling and try again.</p>
[2019-10-08 18:11:11,994] {{logging_mixin.py:95}} INFO - 
[2019-10-08 18:11:12,016] {{logging_mixin.py:95}} INFO - <!DOCTYPE HTML PUBLIC "-//W3C//DTD HTML 3.2 Final//EN">
<title>404 Not Found</title>
<h1>Not Found</h1>
<p>The requested URL was not found on the server.  If you entered the URL manually please check your spelling and try again.</p>
[2019-10-08 18:11:12,017] {{logging_mixin.py:95}} INFO - 
[2019-10-08 18:11:12,019] {{python_operator.py:96}} INFO - Done. Returned value was: None
[2019-10-08 18:11:15,463] {{logging_mixin.py:95}} INFO - [2019-10-08 18:11:15,462] {{jobs.py:2627}} INFO - Task exited with return code 0
